<?xml version="1.0" encoding="UTF-8"?>
<!-- Generated by org.testng.reporters.JUnitXMLReporter -->
<testsuite ignored="0" hostname="DESKTOP-RFC9575" failures="1" tests="3" name="Default test" time="29.946" errors="0" timestamp="2022-09-23T12:44:02 WIB">
  <testcase classname="io.cucumber.testng.AbstractTestNGCucumberTests" name="runScenario" time="7.517"/>
  <testcase classname="io.cucumber.testng.AbstractTestNGCucumberTests" name="runScenario" time="17.981"/>
  <testcase classname="io.cucumber.testng.AbstractTestNGCucumberTests" name="runScenario" time="1.621">
    <failure type="java.lang.AssertionError" message="expected [Dashboar] but found [Dashboard]">
      <![CDATA[java.lang.AssertionError: expected [Dashboar] but found [Dashboard]
at org.testng.Assert.fail(Assert.java:110)
at org.testng.Assert.failNotEquals(Assert.java:1413)
at org.testng.Assert.assertEqualsImpl(Assert.java:149)
at org.testng.Assert.assertEquals(Assert.java:131)
at org.testng.Assert.assertEquals(Assert.java:655)
at org.testng.Assert.assertEquals(Assert.java:665)
at cucumber.framework.runner.nopc.scenefirst.TestDashboard.user_on_menu_dashboard(TestDashboard.java:35)
at ✽.User on menu Dashboard(file:///C:/Users/NEXSOFT/Documents/Project/WorkSpace_TA/TA-SQUAD-ACF/src/main/resources/nopc/scenefirst/02dashboard.feature:5)
]]>
    </failure>
  </testcase> <!-- runScenario -->
</testsuite> <!-- Default test -->
