<?xml version="1.0" encoding="UTF-8"?>
<!-- Generated by org.testng.reporters.JUnitReportReporter -->
<testsuite hostname="DESKTOP-RFC9575" failures="1" tests="3" name="cucumber.framework.runner.nopc.scenefirst.LoginRunner" time="27.119" errors="0" timestamp="2022-09-23T12:44:02 WIB" skipped="0">
  <testcase classname="cucumber.framework.runner.nopc.scenefirst.LoginRunner" name="runScenario" time="7.517"/>
  <system-out/>
  <testcase classname="cucumber.framework.runner.nopc.scenefirst.LoginRunner" name="runScenario" time="17.981"/>
  <system-out/>
  <testcase classname="cucumber.framework.runner.nopc.scenefirst.LoginRunner" name="runScenario" time="1.621">
    <failure message="expected [Dashboar] but found [Dashboard]" type="java.lang.AssertionError">
      <![CDATA[java.lang.AssertionError: expected [Dashboar] but found [Dashboard]
at org.testng.Assert.fail(Assert.java:110)
at org.testng.Assert.failNotEquals(Assert.java:1413)
at org.testng.Assert.assertEqualsImpl(Assert.java:149)
at org.testng.Assert.assertEquals(Assert.java:131)
at org.testng.Assert.assertEquals(Assert.java:655)
at org.testng.Assert.assertEquals(Assert.java:665)
at cucumber.framework.runner.nopc.scenefirst.TestDashboard.user_on_menu_dashboard(TestDashboard.java:35)
at ✽.User on menu Dashboard(file:///C:/Users/NEXSOFT/Documents/Project/WorkSpace_TA/TA-SQUAD-ACF/src/main/resources/nopc/scenefirst/02dashboard.feature:5)
]]>
    </failure>
  </testcase> <!-- runScenario -->
  <system-out/>
</testsuite> <!-- cucumber.framework.runner.nopc.scenefirst.LoginRunner -->
