<?xml version="1.0" encoding="UTF-8"?>
<testng-results ignored="0" total="5" passed="5" failed="0" skipped="0">
  <reporter-output>
  </reporter-output>
  <suite started-at="2022-09-30T14:09:24 WIB" name="Default suite" finished-at="2022-09-30T14:09:31 WIB" duration-ms="7670">
    <groups>
      <group name="cucumber">
        <method signature="AbstractTestNGCucumberTests.runScenario(io.cucumber.testng.PickleWrapper,io.cucumber.testng.FeatureWrapper)[pri:0, instance:cucumber.framework.runner.siloam.login.LoginOutlineRunner@68c9133c]" name="runScenario" class="io.cucumber.testng.AbstractTestNGCucumberTests"/>
      </group> <!-- cucumber -->
    </groups>
    <test started-at="2022-09-30T14:09:24 WIB" name="Default test" finished-at="2022-09-30T14:09:31 WIB" duration-ms="7670">
      <class name="cucumber.framework.runner.siloam.login.LoginOutlineRunner">
        <test-method is-config="true" signature="setUpClass(org.testng.ITestContext)[pri:0, instance:cucumber.framework.runner.siloam.login.LoginOutlineRunner@68c9133c]" started-at="2022-09-30T14:09:24 WIB" name="setUpClass" finished-at="2022-09-30T14:09:25 WIB" duration-ms="782" status="PASS">
          <params>
            <param index="0">
              <value>
                <![CDATA[org.testng.TestRunner@e26a3df]]>
              </value>
            </param>
          </params>
          <reporter-output>
          </reporter-output>
        </test-method> <!-- setUpClass -->
        <test-method signature="runScenario(io.cucumber.testng.PickleWrapper,io.cucumber.testng.FeatureWrapper)[pri:0, instance:cucumber.framework.runner.siloam.login.LoginOutlineRunner@68c9133c]" started-at="2022-09-30T14:09:25 WIB" name="runScenario" description="Runs Cucumber Scenarios" data-provider="scenarios" finished-at="2022-09-30T14:09:29 WIB" duration-ms="4349" status="PASS">
          <params>
            <param index="0">
              <value>
                <![CDATA["Siloam015 Admin Invalid Login Username"]]>
              </value>
            </param>
            <param index="1">
              <value>
                <![CDATA["Invalid Sales Login"]]>
              </value>
            </param>
          </params>
          <reporter-output>
          </reporter-output>
        </test-method> <!-- runScenario -->
        <test-method signature="runScenario(io.cucumber.testng.PickleWrapper,io.cucumber.testng.FeatureWrapper)[pri:0, instance:cucumber.framework.runner.siloam.login.LoginOutlineRunner@68c9133c]" started-at="2022-09-30T14:09:29 WIB" name="runScenario" description="Runs Cucumber Scenarios" data-provider="scenarios" finished-at="2022-09-30T14:09:29 WIB" duration-ms="441" status="PASS">
          <params>
            <param index="0">
              <value>
                <![CDATA["Siloam015 Admin Invalid Login Username"]]>
              </value>
            </param>
            <param index="1">
              <value>
                <![CDATA["Invalid Sales Login"]]>
              </value>
            </param>
          </params>
          <reporter-output>
          </reporter-output>
        </test-method> <!-- runScenario -->
        <test-method signature="runScenario(io.cucumber.testng.PickleWrapper,io.cucumber.testng.FeatureWrapper)[pri:0, instance:cucumber.framework.runner.siloam.login.LoginOutlineRunner@68c9133c]" started-at="2022-09-30T14:09:29 WIB" name="runScenario" description="Runs Cucumber Scenarios" data-provider="scenarios" finished-at="2022-09-30T14:09:30 WIB" duration-ms="465" status="PASS">
          <params>
            <param index="0">
              <value>
                <![CDATA["Siloam015 Admin Invalid Login Username"]]>
              </value>
            </param>
            <param index="1">
              <value>
                <![CDATA["Invalid Sales Login"]]>
              </value>
            </param>
          </params>
          <reporter-output>
          </reporter-output>
        </test-method> <!-- runScenario -->
        <test-method signature="runScenario(io.cucumber.testng.PickleWrapper,io.cucumber.testng.FeatureWrapper)[pri:0, instance:cucumber.framework.runner.siloam.login.LoginOutlineRunner@68c9133c]" started-at="2022-09-30T14:09:30 WIB" name="runScenario" description="Runs Cucumber Scenarios" data-provider="scenarios" finished-at="2022-09-30T14:09:30 WIB" duration-ms="537" status="PASS">
          <params>
            <param index="0">
              <value>
                <![CDATA["Siloam015 Admin Invalid Login Username"]]>
              </value>
            </param>
            <param index="1">
              <value>
                <![CDATA["Invalid Sales Login"]]>
              </value>
            </param>
          </params>
          <reporter-output>
          </reporter-output>
        </test-method> <!-- runScenario -->
        <test-method signature="runScenario(io.cucumber.testng.PickleWrapper,io.cucumber.testng.FeatureWrapper)[pri:0, instance:cucumber.framework.runner.siloam.login.LoginOutlineRunner@68c9133c]" started-at="2022-09-30T14:09:30 WIB" name="runScenario" description="Runs Cucumber Scenarios" data-provider="scenarios" finished-at="2022-09-30T14:09:31 WIB" duration-ms="518" status="PASS">
          <params>
            <param index="0">
              <value>
                <![CDATA["Siloam015 Admin Invalid Login Username"]]>
              </value>
            </param>
            <param index="1">
              <value>
                <![CDATA["Invalid Sales Login"]]>
              </value>
            </param>
          </params>
          <reporter-output>
          </reporter-output>
        </test-method> <!-- runScenario -->
        <test-method is-config="true" signature="tearDownClass()[pri:0, instance:cucumber.framework.runner.siloam.login.LoginOutlineRunner@68c9133c]" started-at="2022-09-30T14:09:31 WIB" name="tearDownClass" finished-at="2022-09-30T14:09:31 WIB" duration-ms="513" status="PASS">
          <reporter-output>
          </reporter-output>
        </test-method> <!-- tearDownClass -->
      </class> <!-- cucumber.framework.runner.siloam.login.LoginOutlineRunner -->
    </test> <!-- Default test -->
  </suite> <!-- Default suite -->
</testng-results>
