<?xml version="1.0" encoding="UTF-8"?>
<testng-results ignored="0" total="1" passed="1" failed="0" skipped="0">
  <reporter-output>
  </reporter-output>
  <suite started-at="2022-10-02T22:19:50 WIB" name="Default suite" finished-at="2022-10-02T22:20:55 WIB" duration-ms="65293">
    <groups>
      <group name="cucumber">
        <method signature="AbstractTestNGCucumberTests.runScenario(io.cucumber.testng.PickleWrapper,io.cucumber.testng.FeatureWrapper)[pri:0, instance:cucumber.framework.runner.siloam.ttddigital.TandaTanganDigitalOutlineRunner@7a35b0f5]" name="runScenario" class="io.cucumber.testng.AbstractTestNGCucumberTests"/>
      </group> <!-- cucumber -->
    </groups>
    <test started-at="2022-10-02T22:19:50 WIB" name="Default test" finished-at="2022-10-02T22:20:55 WIB" duration-ms="65293">
      <class name="cucumber.framework.runner.siloam.ttddigital.TandaTanganDigitalOutlineRunner">
        <test-method is-config="true" signature="setUpClass(org.testng.ITestContext)[pri:0, instance:cucumber.framework.runner.siloam.ttddigital.TandaTanganDigitalOutlineRunner@7a35b0f5]" started-at="2022-10-02T22:19:50 WIB" name="setUpClass" finished-at="2022-10-02T22:19:51 WIB" duration-ms="590" status="PASS">
          <params>
            <param index="0">
              <value>
                <![CDATA[org.testng.TestRunner@60deefed]]>
              </value>
            </param>
          </params>
          <reporter-output>
          </reporter-output>
        </test-method> <!-- setUpClass -->
        <test-method signature="runScenario(io.cucumber.testng.PickleWrapper,io.cucumber.testng.FeatureWrapper)[pri:0, instance:cucumber.framework.runner.siloam.ttddigital.TandaTanganDigitalOutlineRunner@7a35b0f5]" started-at="2022-10-02T22:19:51 WIB" name="runScenario" description="Runs Cucumber Scenarios" data-provider="scenarios" finished-at="2022-10-02T22:20:53 WIB" duration-ms="62333" status="PASS">
          <params>
            <param index="0">
              <value>
                <![CDATA["Siloam100 Sales Update Data Satu Kombinasi"]]>
              </value>
            </param>
            <param index="1">
              <value>
                <![CDATA["Update Data Sales Satu Kombinasi"]]>
              </value>
            </param>
          </params>
          <reporter-output>
          </reporter-output>
        </test-method> <!-- runScenario -->
        <test-method is-config="true" signature="tearDownClass()[pri:0, instance:cucumber.framework.runner.siloam.ttddigital.TandaTanganDigitalOutlineRunner@7a35b0f5]" started-at="2022-10-02T22:20:53 WIB" name="tearDownClass" finished-at="2022-10-02T22:20:55 WIB" duration-ms="2325" status="PASS">
          <reporter-output>
          </reporter-output>
        </test-method> <!-- tearDownClass -->
      </class> <!-- cucumber.framework.runner.siloam.ttddigital.TandaTanganDigitalOutlineRunner -->
    </test> <!-- Default test -->
  </suite> <!-- Default suite -->
</testng-results>
