<?xml version="1.0" encoding="UTF-8"?>
<testng-results ignored="0" total="23" passed="15" failed="8" skipped="0">
  <reporter-output>
  </reporter-output>
  <suite started-at="2022-10-03T14:33:16 WIB" name="Default suite" finished-at="2022-10-03T14:36:07 WIB" duration-ms="171340">
    <groups>
      <group name="cucumber">
        <method signature="AbstractTestNGCucumberTests.runScenario(io.cucumber.testng.PickleWrapper,io.cucumber.testng.FeatureWrapper)[pri:0, instance:cucumber.framework.runner.siloam.ttddigital.TandaTanganDigitalOutlineRunner@68c9133c]" name="runScenario" class="io.cucumber.testng.AbstractTestNGCucumberTests"/>
      </group> <!-- cucumber -->
    </groups>
    <test started-at="2022-10-03T14:33:16 WIB" name="Default test" finished-at="2022-10-03T14:36:07 WIB" duration-ms="171340">
      <class name="cucumber.framework.runner.siloam.ttddigital.TandaTanganDigitalOutlineRunner">
        <test-method is-config="true" signature="setUpClass(org.testng.ITestContext)[pri:0, instance:cucumber.framework.runner.siloam.ttddigital.TandaTanganDigitalOutlineRunner@68c9133c]" started-at="2022-10-03T14:33:16 WIB" name="setUpClass" finished-at="2022-10-03T14:33:17 WIB" duration-ms="663" status="PASS">
          <params>
            <param index="0">
              <value>
                <![CDATA[org.testng.TestRunner@1013871e]]>
              </value>
            </param>
          </params>
          <reporter-output>
          </reporter-output>
        </test-method> <!-- setUpClass -->
        <test-method signature="runScenario(io.cucumber.testng.PickleWrapper,io.cucumber.testng.FeatureWrapper)[pri:0, instance:cucumber.framework.runner.siloam.ttddigital.TandaTanganDigitalOutlineRunner@68c9133c]" started-at="2022-10-03T14:33:17 WIB" name="runScenario" description="Runs Cucumber Scenarios" data-provider="scenarios" finished-at="2022-10-03T14:33:34 WIB" duration-ms="17588" status="PASS">
          <params>
            <param index="0">
              <value>
                <![CDATA["Siloam100 Sales Login"]]>
              </value>
            </param>
            <param index="1">
              <value>
                <![CDATA["Update Data Sales Satu Kombinasi"]]>
              </value>
            </param>
          </params>
          <reporter-output>
          </reporter-output>
        </test-method> <!-- runScenario -->
        <test-method signature="runScenario(io.cucumber.testng.PickleWrapper,io.cucumber.testng.FeatureWrapper)[pri:0, instance:cucumber.framework.runner.siloam.ttddigital.TandaTanganDigitalOutlineRunner@68c9133c]" started-at="2022-10-03T14:33:34 WIB" name="runScenario" description="Runs Cucumber Scenarios" data-provider="scenarios" finished-at="2022-10-03T14:33:40 WIB" duration-ms="6132" status="FAIL">
          <params>
            <param index="0">
              <value>
                <![CDATA["Siloam100 Sales Update Data Satu Kombinasi"]]>
              </value>
            </param>
            <param index="1">
              <value>
                <![CDATA["Update Data Sales Satu Kombinasi"]]>
              </value>
            </param>
          </params>
          <exception class="java.lang.AssertionError">
            <message>
              <![CDATA[expected [acc] but found [ADIT TEST]]]>
            </message>
            <full-stacktrace>
              <![CDATA[java.lang.AssertionError: expected [acc] but found [ADIT TEST]
at org.testng.Assert.fail(Assert.java:110)
at org.testng.Assert.failNotEquals(Assert.java:1413)
at org.testng.Assert.assertEqualsImpl(Assert.java:149)
at org.testng.Assert.assertEquals(Assert.java:131)
at org.testng.Assert.assertEquals(Assert.java:655)
at org.testng.Assert.assertEquals(Assert.java:665)
at cucumber.framework.runner.siloam.ttddigital.TestTTDPageKombinasiSatu.siloam100_validasi_data_tersimpan_dan_form_ter_update(TestTTDPageKombinasiSatu.java:120)
at ✽.Siloam100 Validasi Data tersimpan dan form ter-update(file:///C:/Users/NEXSOFT/Documents/Project/TA_SQA/JuaraCoding/Alamanda/TA-SQUAD-ACF/TA-SQUAD-ACF/src/test/resources/features/siloam/100UpdateDataSalesSatuKombinasi.feature:17)
]]>
            </full-stacktrace>
          </exception> <!-- java.lang.AssertionError -->
          <reporter-output>
          </reporter-output>
        </test-method> <!-- runScenario -->
        <test-method signature="runScenario(io.cucumber.testng.PickleWrapper,io.cucumber.testng.FeatureWrapper)[pri:0, instance:cucumber.framework.runner.siloam.ttddigital.TandaTanganDigitalOutlineRunner@68c9133c]" started-at="2022-10-03T14:33:40 WIB" name="runScenario" description="Runs Cucumber Scenarios" data-provider="scenarios" finished-at="2022-10-03T14:33:50 WIB" duration-ms="9491" status="PASS">
          <params>
            <param index="0">
              <value>
                <![CDATA["Siloam100 Sales Update Data Satu Kombinasi"]]>
              </value>
            </param>
            <param index="1">
              <value>
                <![CDATA["Update Data Sales Satu Kombinasi"]]>
              </value>
            </param>
          </params>
          <reporter-output>
          </reporter-output>
        </test-method> <!-- runScenario -->
        <test-method signature="runScenario(io.cucumber.testng.PickleWrapper,io.cucumber.testng.FeatureWrapper)[pri:0, instance:cucumber.framework.runner.siloam.ttddigital.TandaTanganDigitalOutlineRunner@68c9133c]" started-at="2022-10-03T14:33:50 WIB" name="runScenario" description="Runs Cucumber Scenarios" data-provider="scenarios" finished-at="2022-10-03T14:33:56 WIB" duration-ms="6152" status="PASS">
          <params>
            <param index="0">
              <value>
                <![CDATA["Siloam100 Sales Update Data Satu Kombinasi"]]>
              </value>
            </param>
            <param index="1">
              <value>
                <![CDATA["Update Data Sales Satu Kombinasi"]]>
              </value>
            </param>
          </params>
          <reporter-output>
          </reporter-output>
        </test-method> <!-- runScenario -->
        <test-method signature="runScenario(io.cucumber.testng.PickleWrapper,io.cucumber.testng.FeatureWrapper)[pri:0, instance:cucumber.framework.runner.siloam.ttddigital.TandaTanganDigitalOutlineRunner@68c9133c]" started-at="2022-10-03T14:33:56 WIB" name="runScenario" description="Runs Cucumber Scenarios" data-provider="scenarios" finished-at="2022-10-03T14:34:03 WIB" duration-ms="7095" status="PASS">
          <params>
            <param index="0">
              <value>
                <![CDATA["Siloam100 Sales Update Data Satu Kombinasi"]]>
              </value>
            </param>
            <param index="1">
              <value>
                <![CDATA["Update Data Sales Satu Kombinasi"]]>
              </value>
            </param>
          </params>
          <reporter-output>
          </reporter-output>
        </test-method> <!-- runScenario -->
        <test-method signature="runScenario(io.cucumber.testng.PickleWrapper,io.cucumber.testng.FeatureWrapper)[pri:0, instance:cucumber.framework.runner.siloam.ttddigital.TandaTanganDigitalOutlineRunner@68c9133c]" started-at="2022-10-03T14:34:03 WIB" name="runScenario" description="Runs Cucumber Scenarios" data-provider="scenarios" finished-at="2022-10-03T14:34:12 WIB" duration-ms="8506" status="PASS">
          <params>
            <param index="0">
              <value>
                <![CDATA["Siloam100 Sales Update Data Satu Kombinasi"]]>
              </value>
            </param>
            <param index="1">
              <value>
                <![CDATA["Update Data Sales Satu Kombinasi"]]>
              </value>
            </param>
          </params>
          <reporter-output>
          </reporter-output>
        </test-method> <!-- runScenario -->
        <test-method signature="runScenario(io.cucumber.testng.PickleWrapper,io.cucumber.testng.FeatureWrapper)[pri:0, instance:cucumber.framework.runner.siloam.ttddigital.TandaTanganDigitalOutlineRunner@68c9133c]" started-at="2022-10-03T14:34:12 WIB" name="runScenario" description="Runs Cucumber Scenarios" data-provider="scenarios" finished-at="2022-10-03T14:34:18 WIB" duration-ms="6128" status="PASS">
          <params>
            <param index="0">
              <value>
                <![CDATA["Siloam100 Sales Update Data Satu Kombinasi"]]>
              </value>
            </param>
            <param index="1">
              <value>
                <![CDATA["Update Data Sales Satu Kombinasi"]]>
              </value>
            </param>
          </params>
          <reporter-output>
          </reporter-output>
        </test-method> <!-- runScenario -->
        <test-method signature="runScenario(io.cucumber.testng.PickleWrapper,io.cucumber.testng.FeatureWrapper)[pri:0, instance:cucumber.framework.runner.siloam.ttddigital.TandaTanganDigitalOutlineRunner@68c9133c]" started-at="2022-10-03T14:34:18 WIB" name="runScenario" description="Runs Cucumber Scenarios" data-provider="scenarios" finished-at="2022-10-03T14:34:24 WIB" duration-ms="5905" status="PASS">
          <params>
            <param index="0">
              <value>
                <![CDATA["Siloam100 Sales Update Data Satu Kombinasi"]]>
              </value>
            </param>
            <param index="1">
              <value>
                <![CDATA["Update Data Sales Satu Kombinasi"]]>
              </value>
            </param>
          </params>
          <reporter-output>
          </reporter-output>
        </test-method> <!-- runScenario -->
        <test-method signature="runScenario(io.cucumber.testng.PickleWrapper,io.cucumber.testng.FeatureWrapper)[pri:0, instance:cucumber.framework.runner.siloam.ttddigital.TandaTanganDigitalOutlineRunner@68c9133c]" started-at="2022-10-03T14:34:24 WIB" name="runScenario" description="Runs Cucumber Scenarios" data-provider="scenarios" finished-at="2022-10-03T14:34:29 WIB" duration-ms="5824" status="PASS">
          <params>
            <param index="0">
              <value>
                <![CDATA["Siloam100 Sales Update Data Satu Kombinasi"]]>
              </value>
            </param>
            <param index="1">
              <value>
                <![CDATA["Update Data Sales Satu Kombinasi"]]>
              </value>
            </param>
          </params>
          <reporter-output>
          </reporter-output>
        </test-method> <!-- runScenario -->
        <test-method signature="runScenario(io.cucumber.testng.PickleWrapper,io.cucumber.testng.FeatureWrapper)[pri:0, instance:cucumber.framework.runner.siloam.ttddigital.TandaTanganDigitalOutlineRunner@68c9133c]" started-at="2022-10-03T14:34:29 WIB" name="runScenario" description="Runs Cucumber Scenarios" data-provider="scenarios" finished-at="2022-10-03T14:34:38 WIB" duration-ms="8791" status="PASS">
          <params>
            <param index="0">
              <value>
                <![CDATA["Siloam105 Sales Login"]]>
              </value>
            </param>
            <param index="1">
              <value>
                <![CDATA["Update Data Sales Dua Kombinasi"]]>
              </value>
            </param>
          </params>
          <reporter-output>
          </reporter-output>
        </test-method> <!-- runScenario -->
        <test-method signature="runScenario(io.cucumber.testng.PickleWrapper,io.cucumber.testng.FeatureWrapper)[pri:0, instance:cucumber.framework.runner.siloam.ttddigital.TandaTanganDigitalOutlineRunner@68c9133c]" started-at="2022-10-03T14:34:38 WIB" name="runScenario" description="Runs Cucumber Scenarios" data-provider="scenarios" finished-at="2022-10-03T14:34:44 WIB" duration-ms="6048" status="FAIL">
          <params>
            <param index="0">
              <value>
                <![CDATA["Siloam105 Sales Update Data Satu Kombinasi"]]>
              </value>
            </param>
            <param index="1">
              <value>
                <![CDATA["Update Data Sales Dua Kombinasi"]]>
              </value>
            </param>
          </params>
          <exception class="java.lang.AssertionError">
            <message>
              <![CDATA[expected [Alamanda] but found [ADIT TEST]]]>
            </message>
            <full-stacktrace>
              <![CDATA[java.lang.AssertionError: expected [Alamanda] but found [ADIT TEST]
at org.testng.Assert.fail(Assert.java:110)
at org.testng.Assert.failNotEquals(Assert.java:1413)
at org.testng.Assert.assertEqualsImpl(Assert.java:149)
at org.testng.Assert.assertEquals(Assert.java:131)
at org.testng.Assert.assertEquals(Assert.java:655)
at org.testng.Assert.assertEquals(Assert.java:665)
at cucumber.framework.runner.siloam.ttddigital.TestTTDPageKombinasiDua.siloam105_validasi_data_tersimpan_dan_form_ter_update(TestTTDPageKombinasiDua.java:119)
at ✽.Siloam105 Validasi Data tersimpan dan form ter-update(file:///C:/Users/NEXSOFT/Documents/Project/TA_SQA/JuaraCoding/Alamanda/TA-SQUAD-ACF/TA-SQUAD-ACF/src/test/resources/features/siloam/105UpdateDataSalesDuaKombinasi.feature:17)
]]>
            </full-stacktrace>
          </exception> <!-- java.lang.AssertionError -->
          <reporter-output>
          </reporter-output>
        </test-method> <!-- runScenario -->
        <test-method signature="runScenario(io.cucumber.testng.PickleWrapper,io.cucumber.testng.FeatureWrapper)[pri:0, instance:cucumber.framework.runner.siloam.ttddigital.TandaTanganDigitalOutlineRunner@68c9133c]" started-at="2022-10-03T14:34:44 WIB" name="runScenario" description="Runs Cucumber Scenarios" data-provider="scenarios" finished-at="2022-10-03T14:34:49 WIB" duration-ms="4278" status="FAIL">
          <params>
            <param index="0">
              <value>
                <![CDATA["Siloam105 Sales Update Data Satu Kombinasi"]]>
              </value>
            </param>
            <param index="1">
              <value>
                <![CDATA["Update Data Sales Dua Kombinasi"]]>
              </value>
            </param>
          </params>
          <exception class="java.lang.AssertionError">
            <message>
              <![CDATA[expected [Alamanda] but found [ADIT TEST]]]>
            </message>
            <full-stacktrace>
              <![CDATA[java.lang.AssertionError: expected [Alamanda] but found [ADIT TEST]
at org.testng.Assert.fail(Assert.java:110)
at org.testng.Assert.failNotEquals(Assert.java:1413)
at org.testng.Assert.assertEqualsImpl(Assert.java:149)
at org.testng.Assert.assertEquals(Assert.java:131)
at org.testng.Assert.assertEquals(Assert.java:655)
at org.testng.Assert.assertEquals(Assert.java:665)
at cucumber.framework.runner.siloam.ttddigital.TestTTDPageKombinasiDua.siloam105_validasi_data_tersimpan_dan_form_ter_update(TestTTDPageKombinasiDua.java:127)
at ✽.Siloam105 Validasi Data tersimpan dan form ter-update(file:///C:/Users/NEXSOFT/Documents/Project/TA_SQA/JuaraCoding/Alamanda/TA-SQUAD-ACF/TA-SQUAD-ACF/src/test/resources/features/siloam/105UpdateDataSalesDuaKombinasi.feature:17)
]]>
            </full-stacktrace>
          </exception> <!-- java.lang.AssertionError -->
          <reporter-output>
          </reporter-output>
        </test-method> <!-- runScenario -->
        <test-method signature="runScenario(io.cucumber.testng.PickleWrapper,io.cucumber.testng.FeatureWrapper)[pri:0, instance:cucumber.framework.runner.siloam.ttddigital.TandaTanganDigitalOutlineRunner@68c9133c]" started-at="2022-10-03T14:34:49 WIB" name="runScenario" description="Runs Cucumber Scenarios" data-provider="scenarios" finished-at="2022-10-03T14:34:52 WIB" duration-ms="3905" status="FAIL">
          <params>
            <param index="0">
              <value>
                <![CDATA["Siloam105 Sales Update Data Satu Kombinasi"]]>
              </value>
            </param>
            <param index="1">
              <value>
                <![CDATA["Update Data Sales Dua Kombinasi"]]>
              </value>
            </param>
          </params>
          <exception class="java.lang.AssertionError">
            <message>
              <![CDATA[expected [Alamanda] but found [ADIT TEST]]]>
            </message>
            <full-stacktrace>
              <![CDATA[java.lang.AssertionError: expected [Alamanda] but found [ADIT TEST]
at org.testng.Assert.fail(Assert.java:110)
at org.testng.Assert.failNotEquals(Assert.java:1413)
at org.testng.Assert.assertEqualsImpl(Assert.java:149)
at org.testng.Assert.assertEquals(Assert.java:131)
at org.testng.Assert.assertEquals(Assert.java:655)
at org.testng.Assert.assertEquals(Assert.java:665)
at cucumber.framework.runner.siloam.ttddigital.TestTTDPageKombinasiDua.siloam105_validasi_data_tersimpan_dan_form_ter_update(TestTTDPageKombinasiDua.java:135)
at ✽.Siloam105 Validasi Data tersimpan dan form ter-update(file:///C:/Users/NEXSOFT/Documents/Project/TA_SQA/JuaraCoding/Alamanda/TA-SQUAD-ACF/TA-SQUAD-ACF/src/test/resources/features/siloam/105UpdateDataSalesDuaKombinasi.feature:17)
]]>
            </full-stacktrace>
          </exception> <!-- java.lang.AssertionError -->
          <reporter-output>
          </reporter-output>
        </test-method> <!-- runScenario -->
        <test-method signature="runScenario(io.cucumber.testng.PickleWrapper,io.cucumber.testng.FeatureWrapper)[pri:0, instance:cucumber.framework.runner.siloam.ttddigital.TandaTanganDigitalOutlineRunner@68c9133c]" started-at="2022-10-03T14:34:52 WIB" name="runScenario" description="Runs Cucumber Scenarios" data-provider="scenarios" finished-at="2022-10-03T14:34:59 WIB" duration-ms="6657" status="FAIL">
          <params>
            <param index="0">
              <value>
                <![CDATA["Siloam105 Sales Update Data Satu Kombinasi"]]>
              </value>
            </param>
            <param index="1">
              <value>
                <![CDATA["Update Data Sales Dua Kombinasi"]]>
              </value>
            </param>
          </params>
          <exception class="java.lang.AssertionError">
            <message>
              <![CDATA[expected [Alamanda] but found [ADIT TEST]]]>
            </message>
            <full-stacktrace>
              <![CDATA[java.lang.AssertionError: expected [Alamanda] but found [ADIT TEST]
at org.testng.Assert.fail(Assert.java:110)
at org.testng.Assert.failNotEquals(Assert.java:1413)
at org.testng.Assert.assertEqualsImpl(Assert.java:149)
at org.testng.Assert.assertEquals(Assert.java:131)
at org.testng.Assert.assertEquals(Assert.java:655)
at org.testng.Assert.assertEquals(Assert.java:665)
at cucumber.framework.runner.siloam.ttddigital.TestTTDPageKombinasiDua.siloam105_validasi_data_tersimpan_dan_form_ter_update(TestTTDPageKombinasiDua.java:142)
at ✽.Siloam105 Validasi Data tersimpan dan form ter-update(file:///C:/Users/NEXSOFT/Documents/Project/TA_SQA/JuaraCoding/Alamanda/TA-SQUAD-ACF/TA-SQUAD-ACF/src/test/resources/features/siloam/105UpdateDataSalesDuaKombinasi.feature:17)
]]>
            </full-stacktrace>
          </exception> <!-- java.lang.AssertionError -->
          <reporter-output>
          </reporter-output>
        </test-method> <!-- runScenario -->
        <test-method signature="runScenario(io.cucumber.testng.PickleWrapper,io.cucumber.testng.FeatureWrapper)[pri:0, instance:cucumber.framework.runner.siloam.ttddigital.TandaTanganDigitalOutlineRunner@68c9133c]" started-at="2022-10-03T14:34:59 WIB" name="runScenario" description="Runs Cucumber Scenarios" data-provider="scenarios" finished-at="2022-10-03T14:35:04 WIB" duration-ms="4423" status="FAIL">
          <params>
            <param index="0">
              <value>
                <![CDATA["Siloam105 Sales Update Data Satu Kombinasi"]]>
              </value>
            </param>
            <param index="1">
              <value>
                <![CDATA["Update Data Sales Dua Kombinasi"]]>
              </value>
            </param>
          </params>
          <exception class="java.lang.AssertionError">
            <message>
              <![CDATA[expected [Alamanda] but found [ADIT TEST]]]>
            </message>
            <full-stacktrace>
              <![CDATA[java.lang.AssertionError: expected [Alamanda] but found [ADIT TEST]
at org.testng.Assert.fail(Assert.java:110)
at org.testng.Assert.failNotEquals(Assert.java:1413)
at org.testng.Assert.assertEqualsImpl(Assert.java:149)
at org.testng.Assert.assertEquals(Assert.java:131)
at org.testng.Assert.assertEquals(Assert.java:655)
at org.testng.Assert.assertEquals(Assert.java:665)
at cucumber.framework.runner.siloam.ttddigital.TestTTDPageKombinasiDua.siloam105_validasi_data_tersimpan_dan_form_ter_update(TestTTDPageKombinasiDua.java:149)
at ✽.Siloam105 Validasi Data tersimpan dan form ter-update(file:///C:/Users/NEXSOFT/Documents/Project/TA_SQA/JuaraCoding/Alamanda/TA-SQUAD-ACF/TA-SQUAD-ACF/src/test/resources/features/siloam/105UpdateDataSalesDuaKombinasi.feature:17)
]]>
            </full-stacktrace>
          </exception> <!-- java.lang.AssertionError -->
          <reporter-output>
          </reporter-output>
        </test-method> <!-- runScenario -->
        <test-method signature="runScenario(io.cucumber.testng.PickleWrapper,io.cucumber.testng.FeatureWrapper)[pri:0, instance:cucumber.framework.runner.siloam.ttddigital.TandaTanganDigitalOutlineRunner@68c9133c]" started-at="2022-10-03T14:35:04 WIB" name="runScenario" description="Runs Cucumber Scenarios" data-provider="scenarios" finished-at="2022-10-03T14:35:08 WIB" duration-ms="4486" status="FAIL">
          <params>
            <param index="0">
              <value>
                <![CDATA["Siloam105 Sales Update Data Satu Kombinasi"]]>
              </value>
            </param>
            <param index="1">
              <value>
                <![CDATA["Update Data Sales Dua Kombinasi"]]>
              </value>
            </param>
          </params>
          <exception class="java.lang.AssertionError">
            <message>
              <![CDATA[expected [Alamanda] but found [ADIT TEST]]]>
            </message>
            <full-stacktrace>
              <![CDATA[java.lang.AssertionError: expected [Alamanda] but found [ADIT TEST]
at org.testng.Assert.fail(Assert.java:110)
at org.testng.Assert.failNotEquals(Assert.java:1413)
at org.testng.Assert.assertEqualsImpl(Assert.java:149)
at org.testng.Assert.assertEquals(Assert.java:131)
at org.testng.Assert.assertEquals(Assert.java:655)
at org.testng.Assert.assertEquals(Assert.java:665)
at cucumber.framework.runner.siloam.ttddigital.TestTTDPageKombinasiDua.siloam105_validasi_data_tersimpan_dan_form_ter_update(TestTTDPageKombinasiDua.java:156)
at ✽.Siloam105 Validasi Data tersimpan dan form ter-update(file:///C:/Users/NEXSOFT/Documents/Project/TA_SQA/JuaraCoding/Alamanda/TA-SQUAD-ACF/TA-SQUAD-ACF/src/test/resources/features/siloam/105UpdateDataSalesDuaKombinasi.feature:17)
]]>
            </full-stacktrace>
          </exception> <!-- java.lang.AssertionError -->
          <reporter-output>
          </reporter-output>
        </test-method> <!-- runScenario -->
        <test-method signature="runScenario(io.cucumber.testng.PickleWrapper,io.cucumber.testng.FeatureWrapper)[pri:0, instance:cucumber.framework.runner.siloam.ttddigital.TandaTanganDigitalOutlineRunner@68c9133c]" started-at="2022-10-03T14:35:08 WIB" name="runScenario" description="Runs Cucumber Scenarios" data-provider="scenarios" finished-at="2022-10-03T14:35:12 WIB" duration-ms="4169" status="FAIL">
          <params>
            <param index="0">
              <value>
                <![CDATA["Siloam105 Sales Update Data Satu Kombinasi"]]>
              </value>
            </param>
            <param index="1">
              <value>
                <![CDATA["Update Data Sales Dua Kombinasi"]]>
              </value>
            </param>
          </params>
          <exception class="java.lang.AssertionError">
            <message>
              <![CDATA[expected [Alamanda] but found [ADIT TEST]]]>
            </message>
            <full-stacktrace>
              <![CDATA[java.lang.AssertionError: expected [Alamanda] but found [ADIT TEST]
at org.testng.Assert.fail(Assert.java:110)
at org.testng.Assert.failNotEquals(Assert.java:1413)
at org.testng.Assert.assertEqualsImpl(Assert.java:149)
at org.testng.Assert.assertEquals(Assert.java:131)
at org.testng.Assert.assertEquals(Assert.java:655)
at org.testng.Assert.assertEquals(Assert.java:665)
at cucumber.framework.runner.siloam.ttddigital.TestTTDPageKombinasiDua.siloam105_validasi_data_tersimpan_dan_form_ter_update(TestTTDPageKombinasiDua.java:163)
at ✽.Siloam105 Validasi Data tersimpan dan form ter-update(file:///C:/Users/NEXSOFT/Documents/Project/TA_SQA/JuaraCoding/Alamanda/TA-SQUAD-ACF/TA-SQUAD-ACF/src/test/resources/features/siloam/105UpdateDataSalesDuaKombinasi.feature:17)
]]>
            </full-stacktrace>
          </exception> <!-- java.lang.AssertionError -->
          <reporter-output>
          </reporter-output>
        </test-method> <!-- runScenario -->
        <test-method signature="runScenario(io.cucumber.testng.PickleWrapper,io.cucumber.testng.FeatureWrapper)[pri:0, instance:cucumber.framework.runner.siloam.ttddigital.TandaTanganDigitalOutlineRunner@68c9133c]" started-at="2022-10-03T14:35:12 WIB" name="runScenario" description="Runs Cucumber Scenarios" data-provider="scenarios" finished-at="2022-10-03T14:35:21 WIB" duration-ms="8373" status="PASS">
          <params>
            <param index="0">
              <value>
                <![CDATA["Siloam105 Sales Update Data Satu Kombinasi"]]>
              </value>
            </param>
            <param index="1">
              <value>
                <![CDATA["Update Data Sales Dua Kombinasi"]]>
              </value>
            </param>
          </params>
          <reporter-output>
          </reporter-output>
        </test-method> <!-- runScenario -->
        <test-method signature="runScenario(io.cucumber.testng.PickleWrapper,io.cucumber.testng.FeatureWrapper)[pri:0, instance:cucumber.framework.runner.siloam.ttddigital.TandaTanganDigitalOutlineRunner@68c9133c]" started-at="2022-10-03T14:35:21 WIB" name="runScenario" description="Runs Cucumber Scenarios" data-provider="scenarios" finished-at="2022-10-03T14:35:29 WIB" duration-ms="8240" status="PASS">
          <params>
            <param index="0">
              <value>
                <![CDATA["Siloam105 Sales Update Data Satu Kombinasi"]]>
              </value>
            </param>
            <param index="1">
              <value>
                <![CDATA["Update Data Sales Dua Kombinasi"]]>
              </value>
            </param>
          </params>
          <reporter-output>
          </reporter-output>
        </test-method> <!-- runScenario -->
        <test-method signature="runScenario(io.cucumber.testng.PickleWrapper,io.cucumber.testng.FeatureWrapper)[pri:0, instance:cucumber.framework.runner.siloam.ttddigital.TandaTanganDigitalOutlineRunner@68c9133c]" started-at="2022-10-03T14:35:29 WIB" name="runScenario" description="Runs Cucumber Scenarios" data-provider="scenarios" finished-at="2022-10-03T14:35:40 WIB" duration-ms="11400" status="PASS">
          <params>
            <param index="0">
              <value>
                <![CDATA["Siloam105 Sales Update Data Satu Kombinasi"]]>
              </value>
            </param>
            <param index="1">
              <value>
                <![CDATA["Update Data Sales Dua Kombinasi"]]>
              </value>
            </param>
          </params>
          <reporter-output>
          </reporter-output>
        </test-method> <!-- runScenario -->
        <test-method signature="runScenario(io.cucumber.testng.PickleWrapper,io.cucumber.testng.FeatureWrapper)[pri:0, instance:cucumber.framework.runner.siloam.ttddigital.TandaTanganDigitalOutlineRunner@68c9133c]" started-at="2022-10-03T14:35:40 WIB" name="runScenario" description="Runs Cucumber Scenarios" data-provider="scenarios" finished-at="2022-10-03T14:35:48 WIB" duration-ms="8133" status="PASS">
          <params>
            <param index="0">
              <value>
                <![CDATA["Siloam105 Sales Update Data Satu Kombinasi"]]>
              </value>
            </param>
            <param index="1">
              <value>
                <![CDATA["Update Data Sales Dua Kombinasi"]]>
              </value>
            </param>
          </params>
          <reporter-output>
          </reporter-output>
        </test-method> <!-- runScenario -->
        <test-method signature="runScenario(io.cucumber.testng.PickleWrapper,io.cucumber.testng.FeatureWrapper)[pri:0, instance:cucumber.framework.runner.siloam.ttddigital.TandaTanganDigitalOutlineRunner@68c9133c]" started-at="2022-10-03T14:35:48 WIB" name="runScenario" description="Runs Cucumber Scenarios" data-provider="scenarios" finished-at="2022-10-03T14:35:57 WIB" duration-ms="8214" status="PASS">
          <params>
            <param index="0">
              <value>
                <![CDATA["Siloam105 Sales Update Data Satu Kombinasi"]]>
              </value>
            </param>
            <param index="1">
              <value>
                <![CDATA["Update Data Sales Dua Kombinasi"]]>
              </value>
            </param>
          </params>
          <reporter-output>
          </reporter-output>
        </test-method> <!-- runScenario -->
        <test-method signature="runScenario(io.cucumber.testng.PickleWrapper,io.cucumber.testng.FeatureWrapper)[pri:0, instance:cucumber.framework.runner.siloam.ttddigital.TandaTanganDigitalOutlineRunner@68c9133c]" started-at="2022-10-03T14:35:57 WIB" name="runScenario" description="Runs Cucumber Scenarios" data-provider="scenarios" finished-at="2022-10-03T14:36:05 WIB" duration-ms="8210" status="PASS">
          <params>
            <param index="0">
              <value>
                <![CDATA["Siloam105 Sales Update Data Satu Kombinasi"]]>
              </value>
            </param>
            <param index="1">
              <value>
                <![CDATA["Update Data Sales Dua Kombinasi"]]>
              </value>
            </param>
          </params>
          <reporter-output>
          </reporter-output>
        </test-method> <!-- runScenario -->
        <test-method is-config="true" signature="tearDownClass()[pri:0, instance:cucumber.framework.runner.siloam.ttddigital.TandaTanganDigitalOutlineRunner@68c9133c]" started-at="2022-10-03T14:36:05 WIB" name="tearDownClass" finished-at="2022-10-03T14:36:07 WIB" duration-ms="2449" status="PASS">
          <reporter-output>
          </reporter-output>
        </test-method> <!-- tearDownClass -->
      </class> <!-- cucumber.framework.runner.siloam.ttddigital.TandaTanganDigitalOutlineRunner -->
    </test> <!-- Default test -->
  </suite> <!-- Default suite -->
</testng-results>
