<?xml version="1.0" encoding="UTF-8"?>
<testng-results ignored="0" total="16" passed="16" failed="0" skipped="0">
  <reporter-output>
  </reporter-output>
  <suite started-at="2022-09-30T15:37:35 WIB" name="Default suite" finished-at="2022-09-30T15:38:07 WIB" duration-ms="31625">
    <groups>
      <group name="cucumber">
        <method signature="AbstractTestNGCucumberTests.runScenario(io.cucumber.testng.PickleWrapper,io.cucumber.testng.FeatureWrapper)[pri:0, instance:cucumber.framework.runner.siloam.login.LoginOutlineRunner@68c9133c]" name="runScenario" class="io.cucumber.testng.AbstractTestNGCucumberTests"/>
      </group> <!-- cucumber -->
    </groups>
    <test started-at="2022-09-30T15:37:35 WIB" name="Default test" finished-at="2022-09-30T15:38:07 WIB" duration-ms="31625">
      <class name="cucumber.framework.runner.siloam.login.LoginOutlineRunner">
        <test-method is-config="true" signature="setUpClass(org.testng.ITestContext)[pri:0, instance:cucumber.framework.runner.siloam.login.LoginOutlineRunner@68c9133c]" started-at="2022-09-30T15:37:35 WIB" name="setUpClass" finished-at="2022-09-30T15:37:36 WIB" duration-ms="807" status="PASS">
          <params>
            <param index="0">
              <value>
                <![CDATA[org.testng.TestRunner@7bf65e0f]]>
              </value>
            </param>
          </params>
          <reporter-output>
          </reporter-output>
        </test-method> <!-- setUpClass -->
        <test-method signature="runScenario(io.cucumber.testng.PickleWrapper,io.cucumber.testng.FeatureWrapper)[pri:0, instance:cucumber.framework.runner.siloam.login.LoginOutlineRunner@68c9133c]" started-at="2022-09-30T15:37:36 WIB" name="runScenario" description="Runs Cucumber Scenarios" data-provider="scenarios" finished-at="2022-09-30T15:37:57 WIB" duration-ms="21517" status="PASS">
          <params>
            <param index="0">
              <value>
                <![CDATA["Siloam010 Admin Invalid Login Username"]]>
              </value>
            </param>
            <param index="1">
              <value>
                <![CDATA["Invalid Sales Login"]]>
              </value>
            </param>
          </params>
          <reporter-output>
          </reporter-output>
        </test-method> <!-- runScenario -->
        <test-method signature="runScenario(io.cucumber.testng.PickleWrapper,io.cucumber.testng.FeatureWrapper)[pri:0, instance:cucumber.framework.runner.siloam.login.LoginOutlineRunner@68c9133c]" started-at="2022-09-30T15:37:57 WIB" name="runScenario" description="Runs Cucumber Scenarios" data-provider="scenarios" finished-at="2022-09-30T15:37:59 WIB" duration-ms="1213" status="PASS">
          <params>
            <param index="0">
              <value>
                <![CDATA["Siloam010 Admin Invalid Login Username"]]>
              </value>
            </param>
            <param index="1">
              <value>
                <![CDATA["Invalid Sales Login"]]>
              </value>
            </param>
          </params>
          <reporter-output>
          </reporter-output>
        </test-method> <!-- runScenario -->
        <test-method signature="runScenario(io.cucumber.testng.PickleWrapper,io.cucumber.testng.FeatureWrapper)[pri:0, instance:cucumber.framework.runner.siloam.login.LoginOutlineRunner@68c9133c]" started-at="2022-09-30T15:37:59 WIB" name="runScenario" description="Runs Cucumber Scenarios" data-provider="scenarios" finished-at="2022-09-30T15:37:59 WIB" duration-ms="626" status="PASS">
          <params>
            <param index="0">
              <value>
                <![CDATA["Siloam010 Admin Invalid Login Username"]]>
              </value>
            </param>
            <param index="1">
              <value>
                <![CDATA["Invalid Sales Login"]]>
              </value>
            </param>
          </params>
          <reporter-output>
          </reporter-output>
        </test-method> <!-- runScenario -->
        <test-method signature="runScenario(io.cucumber.testng.PickleWrapper,io.cucumber.testng.FeatureWrapper)[pri:0, instance:cucumber.framework.runner.siloam.login.LoginOutlineRunner@68c9133c]" started-at="2022-09-30T15:37:59 WIB" name="runScenario" description="Runs Cucumber Scenarios" data-provider="scenarios" finished-at="2022-09-30T15:38:00 WIB" duration-ms="390" status="PASS">
          <params>
            <param index="0">
              <value>
                <![CDATA["Siloam015 Admin Invalid Login Username"]]>
              </value>
            </param>
            <param index="1">
              <value>
                <![CDATA["Invalid Sales Login"]]>
              </value>
            </param>
          </params>
          <reporter-output>
          </reporter-output>
        </test-method> <!-- runScenario -->
        <test-method signature="runScenario(io.cucumber.testng.PickleWrapper,io.cucumber.testng.FeatureWrapper)[pri:0, instance:cucumber.framework.runner.siloam.login.LoginOutlineRunner@68c9133c]" started-at="2022-09-30T15:38:00 WIB" name="runScenario" description="Runs Cucumber Scenarios" data-provider="scenarios" finished-at="2022-09-30T15:38:00 WIB" duration-ms="437" status="PASS">
          <params>
            <param index="0">
              <value>
                <![CDATA["Siloam015 Admin Invalid Login Username"]]>
              </value>
            </param>
            <param index="1">
              <value>
                <![CDATA["Invalid Sales Login"]]>
              </value>
            </param>
          </params>
          <reporter-output>
          </reporter-output>
        </test-method> <!-- runScenario -->
        <test-method signature="runScenario(io.cucumber.testng.PickleWrapper,io.cucumber.testng.FeatureWrapper)[pri:0, instance:cucumber.framework.runner.siloam.login.LoginOutlineRunner@68c9133c]" started-at="2022-09-30T15:38:00 WIB" name="runScenario" description="Runs Cucumber Scenarios" data-provider="scenarios" finished-at="2022-09-30T15:38:01 WIB" duration-ms="380" status="PASS">
          <params>
            <param index="0">
              <value>
                <![CDATA["Siloam015 Admin Invalid Login Username"]]>
              </value>
            </param>
            <param index="1">
              <value>
                <![CDATA["Invalid Sales Login"]]>
              </value>
            </param>
          </params>
          <reporter-output>
          </reporter-output>
        </test-method> <!-- runScenario -->
        <test-method signature="runScenario(io.cucumber.testng.PickleWrapper,io.cucumber.testng.FeatureWrapper)[pri:0, instance:cucumber.framework.runner.siloam.login.LoginOutlineRunner@68c9133c]" started-at="2022-09-30T15:38:01 WIB" name="runScenario" description="Runs Cucumber Scenarios" data-provider="scenarios" finished-at="2022-09-30T15:38:01 WIB" duration-ms="350" status="PASS">
          <params>
            <param index="0">
              <value>
                <![CDATA["Siloam015 Admin Invalid Login Username"]]>
              </value>
            </param>
            <param index="1">
              <value>
                <![CDATA["Invalid Sales Login"]]>
              </value>
            </param>
          </params>
          <reporter-output>
          </reporter-output>
        </test-method> <!-- runScenario -->
        <test-method signature="runScenario(io.cucumber.testng.PickleWrapper,io.cucumber.testng.FeatureWrapper)[pri:0, instance:cucumber.framework.runner.siloam.login.LoginOutlineRunner@68c9133c]" started-at="2022-09-30T15:38:01 WIB" name="runScenario" description="Runs Cucumber Scenarios" data-provider="scenarios" finished-at="2022-09-30T15:38:01 WIB" duration-ms="421" status="PASS">
          <params>
            <param index="0">
              <value>
                <![CDATA["Siloam015 Admin Invalid Login Username"]]>
              </value>
            </param>
            <param index="1">
              <value>
                <![CDATA["Invalid Sales Login"]]>
              </value>
            </param>
          </params>
          <reporter-output>
          </reporter-output>
        </test-method> <!-- runScenario -->
        <test-method signature="runScenario(io.cucumber.testng.PickleWrapper,io.cucumber.testng.FeatureWrapper)[pri:0, instance:cucumber.framework.runner.siloam.login.LoginOutlineRunner@68c9133c]" started-at="2022-09-30T15:38:01 WIB" name="runScenario" description="Runs Cucumber Scenarios" data-provider="scenarios" finished-at="2022-09-30T15:38:02 WIB" duration-ms="1137" status="PASS">
          <params>
            <param index="0">
              <value>
                <![CDATA["Siloam018 Sales Invalid Login Username"]]>
              </value>
            </param>
            <param index="1">
              <value>
                <![CDATA["Invalid Sales Login"]]>
              </value>
            </param>
          </params>
          <reporter-output>
          </reporter-output>
        </test-method> <!-- runScenario -->
        <test-method signature="runScenario(io.cucumber.testng.PickleWrapper,io.cucumber.testng.FeatureWrapper)[pri:0, instance:cucumber.framework.runner.siloam.login.LoginOutlineRunner@68c9133c]" started-at="2022-09-30T15:38:02 WIB" name="runScenario" description="Runs Cucumber Scenarios" data-provider="scenarios" finished-at="2022-09-30T15:38:03 WIB" duration-ms="685" status="PASS">
          <params>
            <param index="0">
              <value>
                <![CDATA["Siloam018 Sales Invalid Login Username"]]>
              </value>
            </param>
            <param index="1">
              <value>
                <![CDATA["Invalid Sales Login"]]>
              </value>
            </param>
          </params>
          <reporter-output>
          </reporter-output>
        </test-method> <!-- runScenario -->
        <test-method signature="runScenario(io.cucumber.testng.PickleWrapper,io.cucumber.testng.FeatureWrapper)[pri:0, instance:cucumber.framework.runner.siloam.login.LoginOutlineRunner@68c9133c]" started-at="2022-09-30T15:38:03 WIB" name="runScenario" description="Runs Cucumber Scenarios" data-provider="scenarios" finished-at="2022-09-30T15:38:04 WIB" duration-ms="1211" status="PASS">
          <params>
            <param index="0">
              <value>
                <![CDATA["Siloam018 Sales Invalid Login Username"]]>
              </value>
            </param>
            <param index="1">
              <value>
                <![CDATA["Invalid Sales Login"]]>
              </value>
            </param>
          </params>
          <reporter-output>
          </reporter-output>
        </test-method> <!-- runScenario -->
        <test-method signature="runScenario(io.cucumber.testng.PickleWrapper,io.cucumber.testng.FeatureWrapper)[pri:0, instance:cucumber.framework.runner.siloam.login.LoginOutlineRunner@68c9133c]" started-at="2022-09-30T15:38:04 WIB" name="runScenario" description="Runs Cucumber Scenarios" data-provider="scenarios" finished-at="2022-09-30T15:38:05 WIB" duration-ms="367" status="PASS">
          <params>
            <param index="0">
              <value>
                <![CDATA["Siloam019 Sales Invalid Login Username"]]>
              </value>
            </param>
            <param index="1">
              <value>
                <![CDATA["Invalid Sales Login"]]>
              </value>
            </param>
          </params>
          <reporter-output>
          </reporter-output>
        </test-method> <!-- runScenario -->
        <test-method signature="runScenario(io.cucumber.testng.PickleWrapper,io.cucumber.testng.FeatureWrapper)[pri:0, instance:cucumber.framework.runner.siloam.login.LoginOutlineRunner@68c9133c]" started-at="2022-09-30T15:38:05 WIB" name="runScenario" description="Runs Cucumber Scenarios" data-provider="scenarios" finished-at="2022-09-30T15:38:05 WIB" duration-ms="378" status="PASS">
          <params>
            <param index="0">
              <value>
                <![CDATA["Siloam019 Sales Invalid Login Username"]]>
              </value>
            </param>
            <param index="1">
              <value>
                <![CDATA["Invalid Sales Login"]]>
              </value>
            </param>
          </params>
          <reporter-output>
          </reporter-output>
        </test-method> <!-- runScenario -->
        <test-method signature="runScenario(io.cucumber.testng.PickleWrapper,io.cucumber.testng.FeatureWrapper)[pri:0, instance:cucumber.framework.runner.siloam.login.LoginOutlineRunner@68c9133c]" started-at="2022-09-30T15:38:05 WIB" name="runScenario" description="Runs Cucumber Scenarios" data-provider="scenarios" finished-at="2022-09-30T15:38:05 WIB" duration-ms="384" status="PASS">
          <params>
            <param index="0">
              <value>
                <![CDATA["Siloam019 Sales Invalid Login Username"]]>
              </value>
            </param>
            <param index="1">
              <value>
                <![CDATA["Invalid Sales Login"]]>
              </value>
            </param>
          </params>
          <reporter-output>
          </reporter-output>
        </test-method> <!-- runScenario -->
        <test-method signature="runScenario(io.cucumber.testng.PickleWrapper,io.cucumber.testng.FeatureWrapper)[pri:0, instance:cucumber.framework.runner.siloam.login.LoginOutlineRunner@68c9133c]" started-at="2022-09-30T15:38:05 WIB" name="runScenario" description="Runs Cucumber Scenarios" data-provider="scenarios" finished-at="2022-09-30T15:38:06 WIB" duration-ms="382" status="PASS">
          <params>
            <param index="0">
              <value>
                <![CDATA["Siloam019 Sales Invalid Login Username"]]>
              </value>
            </param>
            <param index="1">
              <value>
                <![CDATA["Invalid Sales Login"]]>
              </value>
            </param>
          </params>
          <reporter-output>
          </reporter-output>
        </test-method> <!-- runScenario -->
        <test-method signature="runScenario(io.cucumber.testng.PickleWrapper,io.cucumber.testng.FeatureWrapper)[pri:0, instance:cucumber.framework.runner.siloam.login.LoginOutlineRunner@68c9133c]" started-at="2022-09-30T15:38:06 WIB" name="runScenario" description="Runs Cucumber Scenarios" data-provider="scenarios" finished-at="2022-09-30T15:38:06 WIB" duration-ms="390" status="PASS">
          <params>
            <param index="0">
              <value>
                <![CDATA["Siloam019 Sales Invalid Login Username"]]>
              </value>
            </param>
            <param index="1">
              <value>
                <![CDATA["Invalid Sales Login"]]>
              </value>
            </param>
          </params>
          <reporter-output>
          </reporter-output>
        </test-method> <!-- runScenario -->
        <test-method is-config="true" signature="tearDownClass()[pri:0, instance:cucumber.framework.runner.siloam.login.LoginOutlineRunner@68c9133c]" started-at="2022-09-30T15:38:06 WIB" name="tearDownClass" finished-at="2022-09-30T15:38:07 WIB" duration-ms="442" status="PASS">
          <reporter-output>
          </reporter-output>
        </test-method> <!-- tearDownClass -->
      </class> <!-- cucumber.framework.runner.siloam.login.LoginOutlineRunner -->
    </test> <!-- Default test -->
  </suite> <!-- Default suite -->
</testng-results>
