<?xml version="1.0" encoding="UTF-8"?>
<testng-results ignored="0" total="223" passed="124" failed="99" skipped="0">
  <reporter-output>
  </reporter-output>
  <suite started-at="2022-10-06T08:10:48 WIB" name="Default suite" finished-at="2022-10-06T08:19:44 WIB" duration-ms="536268">
    <groups>
      <group name="cucumber">
        <method signature="AbstractTestNGCucumberTests.runScenario(io.cucumber.testng.PickleWrapper,io.cucumber.testng.FeatureWrapper)[pri:0, instance:cucumber.framework.runner.siloam.ttddigital.TandaTanganDigitalOutlineRunner@68c9133c]" name="runScenario" class="io.cucumber.testng.AbstractTestNGCucumberTests"/>
      </group> <!-- cucumber -->
    </groups>
    <test started-at="2022-10-06T08:10:48 WIB" name="Default test" finished-at="2022-10-06T08:19:44 WIB" duration-ms="536268">
      <class name="cucumber.framework.runner.siloam.ttddigital.TandaTanganDigitalOutlineRunner">
        <test-method is-config="true" signature="setUpClass(org.testng.ITestContext)[pri:0, instance:cucumber.framework.runner.siloam.ttddigital.TandaTanganDigitalOutlineRunner@68c9133c]" started-at="2022-10-06T08:10:48 WIB" name="setUpClass" finished-at="2022-10-06T08:10:48 WIB" duration-ms="798" status="PASS">
          <params>
            <param index="0">
              <value>
                <![CDATA[org.testng.TestRunner@1e587e95]]>
              </value>
            </param>
          </params>
          <reporter-output>
          </reporter-output>
        </test-method> <!-- setUpClass -->
        <test-method signature="runScenario(io.cucumber.testng.PickleWrapper,io.cucumber.testng.FeatureWrapper)[pri:0, instance:cucumber.framework.runner.siloam.ttddigital.TandaTanganDigitalOutlineRunner@68c9133c]" started-at="2022-10-06T08:10:48 WIB" name="runScenario" description="Runs Cucumber Scenarios" data-provider="scenarios" finished-at="2022-10-06T08:11:04 WIB" duration-ms="15518" status="PASS">
          <params>
            <param index="0">
              <value>
                <![CDATA["Siloam100 Sales Login"]]>
              </value>
            </param>
            <param index="1">
              <value>
                <![CDATA["Update Data Sales Satu Kombinasi"]]>
              </value>
            </param>
          </params>
          <reporter-output>
          </reporter-output>
        </test-method> <!-- runScenario -->
        <test-method signature="runScenario(io.cucumber.testng.PickleWrapper,io.cucumber.testng.FeatureWrapper)[pri:0, instance:cucumber.framework.runner.siloam.ttddigital.TandaTanganDigitalOutlineRunner@68c9133c]" started-at="2022-10-06T08:11:04 WIB" name="runScenario" description="Runs Cucumber Scenarios" data-provider="scenarios" finished-at="2022-10-06T08:11:06 WIB" duration-ms="2372" status="FAIL">
          <params>
            <param index="0">
              <value>
                <![CDATA["Siloam100 Sales Update Data Satu Kombinasi"]]>
              </value>
            </param>
            <param index="1">
              <value>
                <![CDATA["Update Data Sales Satu Kombinasi"]]>
              </value>
            </param>
          </params>
          <exception class="java.lang.AssertionError">
            <message>
              <![CDATA[expected [acc] but found [ADIT TEST]]]>
            </message>
            <full-stacktrace>
              <![CDATA[java.lang.AssertionError: expected [acc] but found [ADIT TEST]
at org.testng.Assert.fail(Assert.java:110)
at org.testng.Assert.failNotEquals(Assert.java:1413)
at org.testng.Assert.assertEqualsImpl(Assert.java:149)
at org.testng.Assert.assertEquals(Assert.java:131)
at org.testng.Assert.assertEquals(Assert.java:655)
at org.testng.Assert.assertEquals(Assert.java:665)
at cucumber.framework.runner.siloam.ttddigital.TestTTDPageKombinasiSatu.siloam100_validasi_data_tersimpan_dan_form_ter_update(TestTTDPageKombinasiSatu.java:135)
at ✽.Siloam100 Validasi Data tersimpan dan form ter-update(file:///C:/Users/NEXSOFT/Documents/Project/TA_SQA/JuaraCoding/Alamanda/TA-SQUAD-ACF/TA-SQUAD-ACF/src/test/resources/features/siloam/100UpdateDataSalesSatuKombinasi.feature:17)
]]>
            </full-stacktrace>
          </exception> <!-- java.lang.AssertionError -->
          <reporter-output>
          </reporter-output>
        </test-method> <!-- runScenario -->
        <test-method signature="runScenario(io.cucumber.testng.PickleWrapper,io.cucumber.testng.FeatureWrapper)[pri:0, instance:cucumber.framework.runner.siloam.ttddigital.TandaTanganDigitalOutlineRunner@68c9133c]" started-at="2022-10-06T08:11:06 WIB" name="runScenario" description="Runs Cucumber Scenarios" data-provider="scenarios" finished-at="2022-10-06T08:11:08 WIB" duration-ms="1628" status="PASS">
          <params>
            <param index="0">
              <value>
                <![CDATA["Siloam100 Sales Update Data Satu Kombinasi"]]>
              </value>
            </param>
            <param index="1">
              <value>
                <![CDATA["Update Data Sales Satu Kombinasi"]]>
              </value>
            </param>
          </params>
          <reporter-output>
          </reporter-output>
        </test-method> <!-- runScenario -->
        <test-method signature="runScenario(io.cucumber.testng.PickleWrapper,io.cucumber.testng.FeatureWrapper)[pri:0, instance:cucumber.framework.runner.siloam.ttddigital.TandaTanganDigitalOutlineRunner@68c9133c]" started-at="2022-10-06T08:11:08 WIB" name="runScenario" description="Runs Cucumber Scenarios" data-provider="scenarios" finished-at="2022-10-06T08:11:10 WIB" duration-ms="1541" status="PASS">
          <params>
            <param index="0">
              <value>
                <![CDATA["Siloam100 Sales Update Data Satu Kombinasi"]]>
              </value>
            </param>
            <param index="1">
              <value>
                <![CDATA["Update Data Sales Satu Kombinasi"]]>
              </value>
            </param>
          </params>
          <reporter-output>
          </reporter-output>
        </test-method> <!-- runScenario -->
        <test-method signature="runScenario(io.cucumber.testng.PickleWrapper,io.cucumber.testng.FeatureWrapper)[pri:0, instance:cucumber.framework.runner.siloam.ttddigital.TandaTanganDigitalOutlineRunner@68c9133c]" started-at="2022-10-06T08:11:10 WIB" name="runScenario" description="Runs Cucumber Scenarios" data-provider="scenarios" finished-at="2022-10-06T08:11:11 WIB" duration-ms="1408" status="PASS">
          <params>
            <param index="0">
              <value>
                <![CDATA["Siloam100 Sales Update Data Satu Kombinasi"]]>
              </value>
            </param>
            <param index="1">
              <value>
                <![CDATA["Update Data Sales Satu Kombinasi"]]>
              </value>
            </param>
          </params>
          <reporter-output>
          </reporter-output>
        </test-method> <!-- runScenario -->
        <test-method signature="runScenario(io.cucumber.testng.PickleWrapper,io.cucumber.testng.FeatureWrapper)[pri:0, instance:cucumber.framework.runner.siloam.ttddigital.TandaTanganDigitalOutlineRunner@68c9133c]" started-at="2022-10-06T08:11:11 WIB" name="runScenario" description="Runs Cucumber Scenarios" data-provider="scenarios" finished-at="2022-10-06T08:11:13 WIB" duration-ms="1918" status="PASS">
          <params>
            <param index="0">
              <value>
                <![CDATA["Siloam100 Sales Update Data Satu Kombinasi"]]>
              </value>
            </param>
            <param index="1">
              <value>
                <![CDATA["Update Data Sales Satu Kombinasi"]]>
              </value>
            </param>
          </params>
          <reporter-output>
          </reporter-output>
        </test-method> <!-- runScenario -->
        <test-method signature="runScenario(io.cucumber.testng.PickleWrapper,io.cucumber.testng.FeatureWrapper)[pri:0, instance:cucumber.framework.runner.siloam.ttddigital.TandaTanganDigitalOutlineRunner@68c9133c]" started-at="2022-10-06T08:11:13 WIB" name="runScenario" description="Runs Cucumber Scenarios" data-provider="scenarios" finished-at="2022-10-06T08:11:14 WIB" duration-ms="1467" status="PASS">
          <params>
            <param index="0">
              <value>
                <![CDATA["Siloam100 Sales Update Data Satu Kombinasi"]]>
              </value>
            </param>
            <param index="1">
              <value>
                <![CDATA["Update Data Sales Satu Kombinasi"]]>
              </value>
            </param>
          </params>
          <reporter-output>
          </reporter-output>
        </test-method> <!-- runScenario -->
        <test-method signature="runScenario(io.cucumber.testng.PickleWrapper,io.cucumber.testng.FeatureWrapper)[pri:0, instance:cucumber.framework.runner.siloam.ttddigital.TandaTanganDigitalOutlineRunner@68c9133c]" started-at="2022-10-06T08:11:14 WIB" name="runScenario" description="Runs Cucumber Scenarios" data-provider="scenarios" finished-at="2022-10-06T08:11:16 WIB" duration-ms="1415" status="PASS">
          <params>
            <param index="0">
              <value>
                <![CDATA["Siloam100 Sales Update Data Satu Kombinasi"]]>
              </value>
            </param>
            <param index="1">
              <value>
                <![CDATA["Update Data Sales Satu Kombinasi"]]>
              </value>
            </param>
          </params>
          <reporter-output>
          </reporter-output>
        </test-method> <!-- runScenario -->
        <test-method signature="runScenario(io.cucumber.testng.PickleWrapper,io.cucumber.testng.FeatureWrapper)[pri:0, instance:cucumber.framework.runner.siloam.ttddigital.TandaTanganDigitalOutlineRunner@68c9133c]" started-at="2022-10-06T08:11:16 WIB" name="runScenario" description="Runs Cucumber Scenarios" data-provider="scenarios" finished-at="2022-10-06T08:11:17 WIB" duration-ms="1491" status="PASS">
          <params>
            <param index="0">
              <value>
                <![CDATA["Siloam100 Sales Update Data Satu Kombinasi"]]>
              </value>
            </param>
            <param index="1">
              <value>
                <![CDATA["Update Data Sales Satu Kombinasi"]]>
              </value>
            </param>
          </params>
          <reporter-output>
          </reporter-output>
        </test-method> <!-- runScenario -->
        <test-method signature="runScenario(io.cucumber.testng.PickleWrapper,io.cucumber.testng.FeatureWrapper)[pri:0, instance:cucumber.framework.runner.siloam.ttddigital.TandaTanganDigitalOutlineRunner@68c9133c]" started-at="2022-10-06T08:11:17 WIB" name="runScenario" description="Runs Cucumber Scenarios" data-provider="scenarios" finished-at="2022-10-06T08:11:19 WIB" duration-ms="1907" status="PASS">
          <params>
            <param index="0">
              <value>
                <![CDATA["Siloam105 Sales Login"]]>
              </value>
            </param>
            <param index="1">
              <value>
                <![CDATA["Update Data Sales Dua Kombinasi"]]>
              </value>
            </param>
          </params>
          <reporter-output>
          </reporter-output>
        </test-method> <!-- runScenario -->
        <test-method signature="runScenario(io.cucumber.testng.PickleWrapper,io.cucumber.testng.FeatureWrapper)[pri:0, instance:cucumber.framework.runner.siloam.ttddigital.TandaTanganDigitalOutlineRunner@68c9133c]" started-at="2022-10-06T08:11:19 WIB" name="runScenario" description="Runs Cucumber Scenarios" data-provider="scenarios" finished-at="2022-10-06T08:11:21 WIB" duration-ms="2039" status="FAIL">
          <params>
            <param index="0">
              <value>
                <![CDATA["Siloam105 Sales Update Data Dua Kombinasi"]]>
              </value>
            </param>
            <param index="1">
              <value>
                <![CDATA["Update Data Sales Dua Kombinasi"]]>
              </value>
            </param>
          </params>
          <exception class="java.lang.AssertionError">
            <message>
              <![CDATA[expected [Alamanda] but found [ADIT TEST]]]>
            </message>
            <full-stacktrace>
              <![CDATA[java.lang.AssertionError: expected [Alamanda] but found [ADIT TEST]
at org.testng.Assert.fail(Assert.java:110)
at org.testng.Assert.failNotEquals(Assert.java:1413)
at org.testng.Assert.assertEqualsImpl(Assert.java:149)
at org.testng.Assert.assertEquals(Assert.java:131)
at org.testng.Assert.assertEquals(Assert.java:655)
at org.testng.Assert.assertEquals(Assert.java:665)
at cucumber.framework.runner.siloam.ttddigital.TestTTDPageKombinasiDua.siloam105_validasi_data_tersimpan_dan_form_ter_update(TestTTDPageKombinasiDua.java:133)
at ✽.Siloam105 Validasi Data tersimpan dan form ter-update(file:///C:/Users/NEXSOFT/Documents/Project/TA_SQA/JuaraCoding/Alamanda/TA-SQUAD-ACF/TA-SQUAD-ACF/src/test/resources/features/siloam/105UpdateDataSalesDuaKombinasi.feature:17)
]]>
            </full-stacktrace>
          </exception> <!-- java.lang.AssertionError -->
          <reporter-output>
          </reporter-output>
        </test-method> <!-- runScenario -->
        <test-method signature="runScenario(io.cucumber.testng.PickleWrapper,io.cucumber.testng.FeatureWrapper)[pri:0, instance:cucumber.framework.runner.siloam.ttddigital.TandaTanganDigitalOutlineRunner@68c9133c]" started-at="2022-10-06T08:11:21 WIB" name="runScenario" description="Runs Cucumber Scenarios" data-provider="scenarios" finished-at="2022-10-06T08:11:23 WIB" duration-ms="1903" status="FAIL">
          <params>
            <param index="0">
              <value>
                <![CDATA["Siloam105 Sales Update Data Dua Kombinasi"]]>
              </value>
            </param>
            <param index="1">
              <value>
                <![CDATA["Update Data Sales Dua Kombinasi"]]>
              </value>
            </param>
          </params>
          <exception class="java.lang.AssertionError">
            <message>
              <![CDATA[expected [Alamanda] but found [ADIT TEST]]]>
            </message>
            <full-stacktrace>
              <![CDATA[java.lang.AssertionError: expected [Alamanda] but found [ADIT TEST]
at org.testng.Assert.fail(Assert.java:110)
at org.testng.Assert.failNotEquals(Assert.java:1413)
at org.testng.Assert.assertEqualsImpl(Assert.java:149)
at org.testng.Assert.assertEquals(Assert.java:131)
at org.testng.Assert.assertEquals(Assert.java:655)
at org.testng.Assert.assertEquals(Assert.java:665)
at cucumber.framework.runner.siloam.ttddigital.TestTTDPageKombinasiDua.siloam105_validasi_data_tersimpan_dan_form_ter_update(TestTTDPageKombinasiDua.java:133)
at ✽.Siloam105 Validasi Data tersimpan dan form ter-update(file:///C:/Users/NEXSOFT/Documents/Project/TA_SQA/JuaraCoding/Alamanda/TA-SQUAD-ACF/TA-SQUAD-ACF/src/test/resources/features/siloam/105UpdateDataSalesDuaKombinasi.feature:17)
]]>
            </full-stacktrace>
          </exception> <!-- java.lang.AssertionError -->
          <reporter-output>
          </reporter-output>
        </test-method> <!-- runScenario -->
        <test-method signature="runScenario(io.cucumber.testng.PickleWrapper,io.cucumber.testng.FeatureWrapper)[pri:0, instance:cucumber.framework.runner.siloam.ttddigital.TandaTanganDigitalOutlineRunner@68c9133c]" started-at="2022-10-06T08:11:23 WIB" name="runScenario" description="Runs Cucumber Scenarios" data-provider="scenarios" finished-at="2022-10-06T08:11:30 WIB" duration-ms="6797" status="FAIL">
          <params>
            <param index="0">
              <value>
                <![CDATA["Siloam105 Sales Update Data Dua Kombinasi"]]>
              </value>
            </param>
            <param index="1">
              <value>
                <![CDATA["Update Data Sales Dua Kombinasi"]]>
              </value>
            </param>
          </params>
          <exception class="java.lang.AssertionError">
            <message>
              <![CDATA[expected [Alamanda] but found [ADIT TEST]]]>
            </message>
            <full-stacktrace>
              <![CDATA[java.lang.AssertionError: expected [Alamanda] but found [ADIT TEST]
at org.testng.Assert.fail(Assert.java:110)
at org.testng.Assert.failNotEquals(Assert.java:1413)
at org.testng.Assert.assertEqualsImpl(Assert.java:149)
at org.testng.Assert.assertEquals(Assert.java:131)
at org.testng.Assert.assertEquals(Assert.java:655)
at org.testng.Assert.assertEquals(Assert.java:665)
at cucumber.framework.runner.siloam.ttddigital.TestTTDPageKombinasiDua.siloam105_validasi_data_tersimpan_dan_form_ter_update(TestTTDPageKombinasiDua.java:133)
at ✽.Siloam105 Validasi Data tersimpan dan form ter-update(file:///C:/Users/NEXSOFT/Documents/Project/TA_SQA/JuaraCoding/Alamanda/TA-SQUAD-ACF/TA-SQUAD-ACF/src/test/resources/features/siloam/105UpdateDataSalesDuaKombinasi.feature:17)
]]>
            </full-stacktrace>
          </exception> <!-- java.lang.AssertionError -->
          <reporter-output>
          </reporter-output>
        </test-method> <!-- runScenario -->
        <test-method signature="runScenario(io.cucumber.testng.PickleWrapper,io.cucumber.testng.FeatureWrapper)[pri:0, instance:cucumber.framework.runner.siloam.ttddigital.TandaTanganDigitalOutlineRunner@68c9133c]" started-at="2022-10-06T08:11:30 WIB" name="runScenario" description="Runs Cucumber Scenarios" data-provider="scenarios" finished-at="2022-10-06T08:11:32 WIB" duration-ms="1977" status="FAIL">
          <params>
            <param index="0">
              <value>
                <![CDATA["Siloam105 Sales Update Data Dua Kombinasi"]]>
              </value>
            </param>
            <param index="1">
              <value>
                <![CDATA["Update Data Sales Dua Kombinasi"]]>
              </value>
            </param>
          </params>
          <exception class="java.lang.AssertionError">
            <message>
              <![CDATA[expected [Alamanda] but found [ADIT TEST]]]>
            </message>
            <full-stacktrace>
              <![CDATA[java.lang.AssertionError: expected [Alamanda] but found [ADIT TEST]
at org.testng.Assert.fail(Assert.java:110)
at org.testng.Assert.failNotEquals(Assert.java:1413)
at org.testng.Assert.assertEqualsImpl(Assert.java:149)
at org.testng.Assert.assertEquals(Assert.java:131)
at org.testng.Assert.assertEquals(Assert.java:655)
at org.testng.Assert.assertEquals(Assert.java:665)
at cucumber.framework.runner.siloam.ttddigital.TestTTDPageKombinasiDua.siloam105_validasi_data_tersimpan_dan_form_ter_update(TestTTDPageKombinasiDua.java:133)
at ✽.Siloam105 Validasi Data tersimpan dan form ter-update(file:///C:/Users/NEXSOFT/Documents/Project/TA_SQA/JuaraCoding/Alamanda/TA-SQUAD-ACF/TA-SQUAD-ACF/src/test/resources/features/siloam/105UpdateDataSalesDuaKombinasi.feature:17)
]]>
            </full-stacktrace>
          </exception> <!-- java.lang.AssertionError -->
          <reporter-output>
          </reporter-output>
        </test-method> <!-- runScenario -->
        <test-method signature="runScenario(io.cucumber.testng.PickleWrapper,io.cucumber.testng.FeatureWrapper)[pri:0, instance:cucumber.framework.runner.siloam.ttddigital.TandaTanganDigitalOutlineRunner@68c9133c]" started-at="2022-10-06T08:11:32 WIB" name="runScenario" description="Runs Cucumber Scenarios" data-provider="scenarios" finished-at="2022-10-06T08:11:34 WIB" duration-ms="2109" status="FAIL">
          <params>
            <param index="0">
              <value>
                <![CDATA["Siloam105 Sales Update Data Dua Kombinasi"]]>
              </value>
            </param>
            <param index="1">
              <value>
                <![CDATA["Update Data Sales Dua Kombinasi"]]>
              </value>
            </param>
          </params>
          <exception class="java.lang.AssertionError">
            <message>
              <![CDATA[expected [Alamanda] but found [ADIT TEST]]]>
            </message>
            <full-stacktrace>
              <![CDATA[java.lang.AssertionError: expected [Alamanda] but found [ADIT TEST]
at org.testng.Assert.fail(Assert.java:110)
at org.testng.Assert.failNotEquals(Assert.java:1413)
at org.testng.Assert.assertEqualsImpl(Assert.java:149)
at org.testng.Assert.assertEquals(Assert.java:131)
at org.testng.Assert.assertEquals(Assert.java:655)
at org.testng.Assert.assertEquals(Assert.java:665)
at cucumber.framework.runner.siloam.ttddigital.TestTTDPageKombinasiDua.siloam105_validasi_data_tersimpan_dan_form_ter_update(TestTTDPageKombinasiDua.java:133)
at ✽.Siloam105 Validasi Data tersimpan dan form ter-update(file:///C:/Users/NEXSOFT/Documents/Project/TA_SQA/JuaraCoding/Alamanda/TA-SQUAD-ACF/TA-SQUAD-ACF/src/test/resources/features/siloam/105UpdateDataSalesDuaKombinasi.feature:17)
]]>
            </full-stacktrace>
          </exception> <!-- java.lang.AssertionError -->
          <reporter-output>
          </reporter-output>
        </test-method> <!-- runScenario -->
        <test-method signature="runScenario(io.cucumber.testng.PickleWrapper,io.cucumber.testng.FeatureWrapper)[pri:0, instance:cucumber.framework.runner.siloam.ttddigital.TandaTanganDigitalOutlineRunner@68c9133c]" started-at="2022-10-06T08:11:34 WIB" name="runScenario" description="Runs Cucumber Scenarios" data-provider="scenarios" finished-at="2022-10-06T08:11:36 WIB" duration-ms="1935" status="FAIL">
          <params>
            <param index="0">
              <value>
                <![CDATA["Siloam105 Sales Update Data Dua Kombinasi"]]>
              </value>
            </param>
            <param index="1">
              <value>
                <![CDATA["Update Data Sales Dua Kombinasi"]]>
              </value>
            </param>
          </params>
          <exception class="java.lang.AssertionError">
            <message>
              <![CDATA[expected [Alamanda] but found [ADIT TEST]]]>
            </message>
            <full-stacktrace>
              <![CDATA[java.lang.AssertionError: expected [Alamanda] but found [ADIT TEST]
at org.testng.Assert.fail(Assert.java:110)
at org.testng.Assert.failNotEquals(Assert.java:1413)
at org.testng.Assert.assertEqualsImpl(Assert.java:149)
at org.testng.Assert.assertEquals(Assert.java:131)
at org.testng.Assert.assertEquals(Assert.java:655)
at org.testng.Assert.assertEquals(Assert.java:665)
at cucumber.framework.runner.siloam.ttddigital.TestTTDPageKombinasiDua.siloam105_validasi_data_tersimpan_dan_form_ter_update(TestTTDPageKombinasiDua.java:133)
at ✽.Siloam105 Validasi Data tersimpan dan form ter-update(file:///C:/Users/NEXSOFT/Documents/Project/TA_SQA/JuaraCoding/Alamanda/TA-SQUAD-ACF/TA-SQUAD-ACF/src/test/resources/features/siloam/105UpdateDataSalesDuaKombinasi.feature:17)
]]>
            </full-stacktrace>
          </exception> <!-- java.lang.AssertionError -->
          <reporter-output>
          </reporter-output>
        </test-method> <!-- runScenario -->
        <test-method signature="runScenario(io.cucumber.testng.PickleWrapper,io.cucumber.testng.FeatureWrapper)[pri:0, instance:cucumber.framework.runner.siloam.ttddigital.TandaTanganDigitalOutlineRunner@68c9133c]" started-at="2022-10-06T08:11:36 WIB" name="runScenario" description="Runs Cucumber Scenarios" data-provider="scenarios" finished-at="2022-10-06T08:11:39 WIB" duration-ms="3088" status="FAIL">
          <params>
            <param index="0">
              <value>
                <![CDATA["Siloam105 Sales Update Data Dua Kombinasi"]]>
              </value>
            </param>
            <param index="1">
              <value>
                <![CDATA["Update Data Sales Dua Kombinasi"]]>
              </value>
            </param>
          </params>
          <exception class="java.lang.AssertionError">
            <message>
              <![CDATA[expected [Alamanda] but found [ADIT TEST]]]>
            </message>
            <full-stacktrace>
              <![CDATA[java.lang.AssertionError: expected [Alamanda] but found [ADIT TEST]
at org.testng.Assert.fail(Assert.java:110)
at org.testng.Assert.failNotEquals(Assert.java:1413)
at org.testng.Assert.assertEqualsImpl(Assert.java:149)
at org.testng.Assert.assertEquals(Assert.java:131)
at org.testng.Assert.assertEquals(Assert.java:655)
at org.testng.Assert.assertEquals(Assert.java:665)
at cucumber.framework.runner.siloam.ttddigital.TestTTDPageKombinasiDua.siloam105_validasi_data_tersimpan_dan_form_ter_update(TestTTDPageKombinasiDua.java:133)
at ✽.Siloam105 Validasi Data tersimpan dan form ter-update(file:///C:/Users/NEXSOFT/Documents/Project/TA_SQA/JuaraCoding/Alamanda/TA-SQUAD-ACF/TA-SQUAD-ACF/src/test/resources/features/siloam/105UpdateDataSalesDuaKombinasi.feature:17)
]]>
            </full-stacktrace>
          </exception> <!-- java.lang.AssertionError -->
          <reporter-output>
          </reporter-output>
        </test-method> <!-- runScenario -->
        <test-method signature="runScenario(io.cucumber.testng.PickleWrapper,io.cucumber.testng.FeatureWrapper)[pri:0, instance:cucumber.framework.runner.siloam.ttddigital.TandaTanganDigitalOutlineRunner@68c9133c]" started-at="2022-10-06T08:11:39 WIB" name="runScenario" description="Runs Cucumber Scenarios" data-provider="scenarios" finished-at="2022-10-06T08:11:41 WIB" duration-ms="1770" status="PASS">
          <params>
            <param index="0">
              <value>
                <![CDATA["Siloam105 Sales Update Data Dua Kombinasi"]]>
              </value>
            </param>
            <param index="1">
              <value>
                <![CDATA["Update Data Sales Dua Kombinasi"]]>
              </value>
            </param>
          </params>
          <reporter-output>
          </reporter-output>
        </test-method> <!-- runScenario -->
        <test-method signature="runScenario(io.cucumber.testng.PickleWrapper,io.cucumber.testng.FeatureWrapper)[pri:0, instance:cucumber.framework.runner.siloam.ttddigital.TandaTanganDigitalOutlineRunner@68c9133c]" started-at="2022-10-06T08:11:41 WIB" name="runScenario" description="Runs Cucumber Scenarios" data-provider="scenarios" finished-at="2022-10-06T08:11:44 WIB" duration-ms="2849" status="PASS">
          <params>
            <param index="0">
              <value>
                <![CDATA["Siloam105 Sales Update Data Dua Kombinasi"]]>
              </value>
            </param>
            <param index="1">
              <value>
                <![CDATA["Update Data Sales Dua Kombinasi"]]>
              </value>
            </param>
          </params>
          <reporter-output>
          </reporter-output>
        </test-method> <!-- runScenario -->
        <test-method signature="runScenario(io.cucumber.testng.PickleWrapper,io.cucumber.testng.FeatureWrapper)[pri:0, instance:cucumber.framework.runner.siloam.ttddigital.TandaTanganDigitalOutlineRunner@68c9133c]" started-at="2022-10-06T08:11:44 WIB" name="runScenario" description="Runs Cucumber Scenarios" data-provider="scenarios" finished-at="2022-10-06T08:11:47 WIB" duration-ms="2900" status="PASS">
          <params>
            <param index="0">
              <value>
                <![CDATA["Siloam105 Sales Update Data Dua Kombinasi"]]>
              </value>
            </param>
            <param index="1">
              <value>
                <![CDATA["Update Data Sales Dua Kombinasi"]]>
              </value>
            </param>
          </params>
          <reporter-output>
          </reporter-output>
        </test-method> <!-- runScenario -->
        <test-method signature="runScenario(io.cucumber.testng.PickleWrapper,io.cucumber.testng.FeatureWrapper)[pri:0, instance:cucumber.framework.runner.siloam.ttddigital.TandaTanganDigitalOutlineRunner@68c9133c]" started-at="2022-10-06T08:11:47 WIB" name="runScenario" description="Runs Cucumber Scenarios" data-provider="scenarios" finished-at="2022-10-06T08:11:49 WIB" duration-ms="2269" status="PASS">
          <params>
            <param index="0">
              <value>
                <![CDATA["Siloam105 Sales Update Data Dua Kombinasi"]]>
              </value>
            </param>
            <param index="1">
              <value>
                <![CDATA["Update Data Sales Dua Kombinasi"]]>
              </value>
            </param>
          </params>
          <reporter-output>
          </reporter-output>
        </test-method> <!-- runScenario -->
        <test-method signature="runScenario(io.cucumber.testng.PickleWrapper,io.cucumber.testng.FeatureWrapper)[pri:0, instance:cucumber.framework.runner.siloam.ttddigital.TandaTanganDigitalOutlineRunner@68c9133c]" started-at="2022-10-06T08:11:49 WIB" name="runScenario" description="Runs Cucumber Scenarios" data-provider="scenarios" finished-at="2022-10-06T08:11:51 WIB" duration-ms="2049" status="PASS">
          <params>
            <param index="0">
              <value>
                <![CDATA["Siloam105 Sales Update Data Dua Kombinasi"]]>
              </value>
            </param>
            <param index="1">
              <value>
                <![CDATA["Update Data Sales Dua Kombinasi"]]>
              </value>
            </param>
          </params>
          <reporter-output>
          </reporter-output>
        </test-method> <!-- runScenario -->
        <test-method signature="runScenario(io.cucumber.testng.PickleWrapper,io.cucumber.testng.FeatureWrapper)[pri:0, instance:cucumber.framework.runner.siloam.ttddigital.TandaTanganDigitalOutlineRunner@68c9133c]" started-at="2022-10-06T08:11:51 WIB" name="runScenario" description="Runs Cucumber Scenarios" data-provider="scenarios" finished-at="2022-10-06T08:11:53 WIB" duration-ms="1672" status="PASS">
          <params>
            <param index="0">
              <value>
                <![CDATA["Siloam105 Sales Update Data Dua Kombinasi"]]>
              </value>
            </param>
            <param index="1">
              <value>
                <![CDATA["Update Data Sales Dua Kombinasi"]]>
              </value>
            </param>
          </params>
          <reporter-output>
          </reporter-output>
        </test-method> <!-- runScenario -->
        <test-method signature="runScenario(io.cucumber.testng.PickleWrapper,io.cucumber.testng.FeatureWrapper)[pri:0, instance:cucumber.framework.runner.siloam.ttddigital.TandaTanganDigitalOutlineRunner@68c9133c]" started-at="2022-10-06T08:11:53 WIB" name="runScenario" description="Runs Cucumber Scenarios" data-provider="scenarios" finished-at="2022-10-06T08:11:54 WIB" duration-ms="1647" status="PASS">
          <params>
            <param index="0">
              <value>
                <![CDATA["Siloam105 Sales Update Data Dua Kombinasi"]]>
              </value>
            </param>
            <param index="1">
              <value>
                <![CDATA["Update Data Sales Dua Kombinasi"]]>
              </value>
            </param>
          </params>
          <reporter-output>
          </reporter-output>
        </test-method> <!-- runScenario -->
        <test-method signature="runScenario(io.cucumber.testng.PickleWrapper,io.cucumber.testng.FeatureWrapper)[pri:0, instance:cucumber.framework.runner.siloam.ttddigital.TandaTanganDigitalOutlineRunner@68c9133c]" started-at="2022-10-06T08:11:54 WIB" name="runScenario" description="Runs Cucumber Scenarios" data-provider="scenarios" finished-at="2022-10-06T08:11:56 WIB" duration-ms="1892" status="PASS">
          <params>
            <param index="0">
              <value>
                <![CDATA["Siloam105 Sales Update Data Dua Kombinasi"]]>
              </value>
            </param>
            <param index="1">
              <value>
                <![CDATA["Update Data Sales Dua Kombinasi"]]>
              </value>
            </param>
          </params>
          <reporter-output>
          </reporter-output>
        </test-method> <!-- runScenario -->
        <test-method signature="runScenario(io.cucumber.testng.PickleWrapper,io.cucumber.testng.FeatureWrapper)[pri:0, instance:cucumber.framework.runner.siloam.ttddigital.TandaTanganDigitalOutlineRunner@68c9133c]" started-at="2022-10-06T08:11:56 WIB" name="runScenario" description="Runs Cucumber Scenarios" data-provider="scenarios" finished-at="2022-10-06T08:11:58 WIB" duration-ms="1757" status="PASS">
          <params>
            <param index="0">
              <value>
                <![CDATA["Siloam105 Sales Update Data Dua Kombinasi"]]>
              </value>
            </param>
            <param index="1">
              <value>
                <![CDATA["Update Data Sales Dua Kombinasi"]]>
              </value>
            </param>
          </params>
          <reporter-output>
          </reporter-output>
        </test-method> <!-- runScenario -->
        <test-method signature="runScenario(io.cucumber.testng.PickleWrapper,io.cucumber.testng.FeatureWrapper)[pri:0, instance:cucumber.framework.runner.siloam.ttddigital.TandaTanganDigitalOutlineRunner@68c9133c]" started-at="2022-10-06T08:11:58 WIB" name="runScenario" description="Runs Cucumber Scenarios" data-provider="scenarios" finished-at="2022-10-06T08:12:00 WIB" duration-ms="1758" status="PASS">
          <params>
            <param index="0">
              <value>
                <![CDATA["Siloam105 Sales Update Data Dua Kombinasi"]]>
              </value>
            </param>
            <param index="1">
              <value>
                <![CDATA["Update Data Sales Dua Kombinasi"]]>
              </value>
            </param>
          </params>
          <reporter-output>
          </reporter-output>
        </test-method> <!-- runScenario -->
        <test-method signature="runScenario(io.cucumber.testng.PickleWrapper,io.cucumber.testng.FeatureWrapper)[pri:0, instance:cucumber.framework.runner.siloam.ttddigital.TandaTanganDigitalOutlineRunner@68c9133c]" started-at="2022-10-06T08:12:00 WIB" name="runScenario" description="Runs Cucumber Scenarios" data-provider="scenarios" finished-at="2022-10-06T08:12:01 WIB" duration-ms="1799" status="PASS">
          <params>
            <param index="0">
              <value>
                <![CDATA["Siloam105 Sales Update Data Dua Kombinasi"]]>
              </value>
            </param>
            <param index="1">
              <value>
                <![CDATA["Update Data Sales Dua Kombinasi"]]>
              </value>
            </param>
          </params>
          <reporter-output>
          </reporter-output>
        </test-method> <!-- runScenario -->
        <test-method signature="runScenario(io.cucumber.testng.PickleWrapper,io.cucumber.testng.FeatureWrapper)[pri:0, instance:cucumber.framework.runner.siloam.ttddigital.TandaTanganDigitalOutlineRunner@68c9133c]" started-at="2022-10-06T08:12:01 WIB" name="runScenario" description="Runs Cucumber Scenarios" data-provider="scenarios" finished-at="2022-10-06T08:12:03 WIB" duration-ms="1911" status="PASS">
          <params>
            <param index="0">
              <value>
                <![CDATA["Siloam105 Sales Update Data Dua Kombinasi"]]>
              </value>
            </param>
            <param index="1">
              <value>
                <![CDATA["Update Data Sales Dua Kombinasi"]]>
              </value>
            </param>
          </params>
          <reporter-output>
          </reporter-output>
        </test-method> <!-- runScenario -->
        <test-method signature="runScenario(io.cucumber.testng.PickleWrapper,io.cucumber.testng.FeatureWrapper)[pri:0, instance:cucumber.framework.runner.siloam.ttddigital.TandaTanganDigitalOutlineRunner@68c9133c]" started-at="2022-10-06T08:12:03 WIB" name="runScenario" description="Runs Cucumber Scenarios" data-provider="scenarios" finished-at="2022-10-06T08:12:06 WIB" duration-ms="2260" status="PASS">
          <params>
            <param index="0">
              <value>
                <![CDATA["Siloam105 Sales Update Data Dua Kombinasi"]]>
              </value>
            </param>
            <param index="1">
              <value>
                <![CDATA["Update Data Sales Dua Kombinasi"]]>
              </value>
            </param>
          </params>
          <reporter-output>
          </reporter-output>
        </test-method> <!-- runScenario -->
        <test-method signature="runScenario(io.cucumber.testng.PickleWrapper,io.cucumber.testng.FeatureWrapper)[pri:0, instance:cucumber.framework.runner.siloam.ttddigital.TandaTanganDigitalOutlineRunner@68c9133c]" started-at="2022-10-06T08:12:06 WIB" name="runScenario" description="Runs Cucumber Scenarios" data-provider="scenarios" finished-at="2022-10-06T08:12:07 WIB" duration-ms="1753" status="PASS">
          <params>
            <param index="0">
              <value>
                <![CDATA["Siloam105 Sales Update Data Dua Kombinasi"]]>
              </value>
            </param>
            <param index="1">
              <value>
                <![CDATA["Update Data Sales Dua Kombinasi"]]>
              </value>
            </param>
          </params>
          <reporter-output>
          </reporter-output>
        </test-method> <!-- runScenario -->
        <test-method signature="runScenario(io.cucumber.testng.PickleWrapper,io.cucumber.testng.FeatureWrapper)[pri:0, instance:cucumber.framework.runner.siloam.ttddigital.TandaTanganDigitalOutlineRunner@68c9133c]" started-at="2022-10-06T08:12:07 WIB" name="runScenario" description="Runs Cucumber Scenarios" data-provider="scenarios" finished-at="2022-10-06T08:12:10 WIB" duration-ms="2161" status="PASS">
          <params>
            <param index="0">
              <value>
                <![CDATA["Siloam105 Sales Update Data Dua Kombinasi"]]>
              </value>
            </param>
            <param index="1">
              <value>
                <![CDATA["Update Data Sales Dua Kombinasi"]]>
              </value>
            </param>
          </params>
          <reporter-output>
          </reporter-output>
        </test-method> <!-- runScenario -->
        <test-method signature="runScenario(io.cucumber.testng.PickleWrapper,io.cucumber.testng.FeatureWrapper)[pri:0, instance:cucumber.framework.runner.siloam.ttddigital.TandaTanganDigitalOutlineRunner@68c9133c]" started-at="2022-10-06T08:12:10 WIB" name="runScenario" description="Runs Cucumber Scenarios" data-provider="scenarios" finished-at="2022-10-06T08:12:11 WIB" duration-ms="1773" status="PASS">
          <params>
            <param index="0">
              <value>
                <![CDATA["Siloam105 Sales Update Data Dua Kombinasi"]]>
              </value>
            </param>
            <param index="1">
              <value>
                <![CDATA["Update Data Sales Dua Kombinasi"]]>
              </value>
            </param>
          </params>
          <reporter-output>
          </reporter-output>
        </test-method> <!-- runScenario -->
        <test-method signature="runScenario(io.cucumber.testng.PickleWrapper,io.cucumber.testng.FeatureWrapper)[pri:0, instance:cucumber.framework.runner.siloam.ttddigital.TandaTanganDigitalOutlineRunner@68c9133c]" started-at="2022-10-06T08:12:11 WIB" name="runScenario" description="Runs Cucumber Scenarios" data-provider="scenarios" finished-at="2022-10-06T08:12:13 WIB" duration-ms="1892" status="PASS">
          <params>
            <param index="0">
              <value>
                <![CDATA["Siloam105 Sales Update Data Dua Kombinasi"]]>
              </value>
            </param>
            <param index="1">
              <value>
                <![CDATA["Update Data Sales Dua Kombinasi"]]>
              </value>
            </param>
          </params>
          <reporter-output>
          </reporter-output>
        </test-method> <!-- runScenario -->
        <test-method signature="runScenario(io.cucumber.testng.PickleWrapper,io.cucumber.testng.FeatureWrapper)[pri:0, instance:cucumber.framework.runner.siloam.ttddigital.TandaTanganDigitalOutlineRunner@68c9133c]" started-at="2022-10-06T08:12:13 WIB" name="runScenario" description="Runs Cucumber Scenarios" data-provider="scenarios" finished-at="2022-10-06T08:12:16 WIB" duration-ms="2646" status="PASS">
          <params>
            <param index="0">
              <value>
                <![CDATA["Siloam105 Sales Update Data Dua Kombinasi"]]>
              </value>
            </param>
            <param index="1">
              <value>
                <![CDATA["Update Data Sales Dua Kombinasi"]]>
              </value>
            </param>
          </params>
          <reporter-output>
          </reporter-output>
        </test-method> <!-- runScenario -->
        <test-method signature="runScenario(io.cucumber.testng.PickleWrapper,io.cucumber.testng.FeatureWrapper)[pri:0, instance:cucumber.framework.runner.siloam.ttddigital.TandaTanganDigitalOutlineRunner@68c9133c]" started-at="2022-10-06T08:12:16 WIB" name="runScenario" description="Runs Cucumber Scenarios" data-provider="scenarios" finished-at="2022-10-06T08:12:18 WIB" duration-ms="1789" status="PASS">
          <params>
            <param index="0">
              <value>
                <![CDATA["Siloam105 Sales Update Data Dua Kombinasi"]]>
              </value>
            </param>
            <param index="1">
              <value>
                <![CDATA["Update Data Sales Dua Kombinasi"]]>
              </value>
            </param>
          </params>
          <reporter-output>
          </reporter-output>
        </test-method> <!-- runScenario -->
        <test-method signature="runScenario(io.cucumber.testng.PickleWrapper,io.cucumber.testng.FeatureWrapper)[pri:0, instance:cucumber.framework.runner.siloam.ttddigital.TandaTanganDigitalOutlineRunner@68c9133c]" started-at="2022-10-06T08:12:18 WIB" name="runScenario" description="Runs Cucumber Scenarios" data-provider="scenarios" finished-at="2022-10-06T08:12:19 WIB" duration-ms="1812" status="PASS">
          <params>
            <param index="0">
              <value>
                <![CDATA["Siloam105 Sales Update Data Dua Kombinasi"]]>
              </value>
            </param>
            <param index="1">
              <value>
                <![CDATA["Update Data Sales Dua Kombinasi"]]>
              </value>
            </param>
          </params>
          <reporter-output>
          </reporter-output>
        </test-method> <!-- runScenario -->
        <test-method signature="runScenario(io.cucumber.testng.PickleWrapper,io.cucumber.testng.FeatureWrapper)[pri:0, instance:cucumber.framework.runner.siloam.ttddigital.TandaTanganDigitalOutlineRunner@68c9133c]" started-at="2022-10-06T08:12:19 WIB" name="runScenario" description="Runs Cucumber Scenarios" data-provider="scenarios" finished-at="2022-10-06T08:12:21 WIB" duration-ms="1679" status="PASS">
          <params>
            <param index="0">
              <value>
                <![CDATA["Siloam105 Sales Update Data Dua Kombinasi"]]>
              </value>
            </param>
            <param index="1">
              <value>
                <![CDATA["Update Data Sales Dua Kombinasi"]]>
              </value>
            </param>
          </params>
          <reporter-output>
          </reporter-output>
        </test-method> <!-- runScenario -->
        <test-method signature="runScenario(io.cucumber.testng.PickleWrapper,io.cucumber.testng.FeatureWrapper)[pri:0, instance:cucumber.framework.runner.siloam.ttddigital.TandaTanganDigitalOutlineRunner@68c9133c]" started-at="2022-10-06T08:12:21 WIB" name="runScenario" description="Runs Cucumber Scenarios" data-provider="scenarios" finished-at="2022-10-06T08:12:23 WIB" duration-ms="2115" status="PASS">
          <params>
            <param index="0">
              <value>
                <![CDATA["Siloam110 Sales Login"]]>
              </value>
            </param>
            <param index="1">
              <value>
                <![CDATA["Update Data Sales Tiga Kombinasi"]]>
              </value>
            </param>
          </params>
          <reporter-output>
          </reporter-output>
        </test-method> <!-- runScenario -->
        <test-method signature="runScenario(io.cucumber.testng.PickleWrapper,io.cucumber.testng.FeatureWrapper)[pri:0, instance:cucumber.framework.runner.siloam.ttddigital.TandaTanganDigitalOutlineRunner@68c9133c]" started-at="2022-10-06T08:12:23 WIB" name="runScenario" description="Runs Cucumber Scenarios" data-provider="scenarios" finished-at="2022-10-06T08:12:25 WIB" duration-ms="2198" status="FAIL">
          <params>
            <param index="0">
              <value>
                <![CDATA["Siloam110 Sales Update Data Tiga Kombinasi"]]>
              </value>
            </param>
            <param index="1">
              <value>
                <![CDATA["Update Data Sales Tiga Kombinasi"]]>
              </value>
            </param>
          </params>
          <exception class="java.lang.AssertionError">
            <message>
              <![CDATA[expected [Alamanda] but found [ADIT TEST]]]>
            </message>
            <full-stacktrace>
              <![CDATA[java.lang.AssertionError: expected [Alamanda] but found [ADIT TEST]
at org.testng.Assert.fail(Assert.java:110)
at org.testng.Assert.failNotEquals(Assert.java:1413)
at org.testng.Assert.assertEqualsImpl(Assert.java:149)
at org.testng.Assert.assertEquals(Assert.java:131)
at org.testng.Assert.assertEquals(Assert.java:655)
at org.testng.Assert.assertEquals(Assert.java:665)
at cucumber.framework.runner.siloam.ttddigital.TestTTDPageKombinasiTiga.siloam110_validasi_data_tersimpan_dan_form_ter_update(TestTTDPageKombinasiTiga.java:155)
at ✽.Siloam110 Validasi Data tersimpan dan form ter-update(file:///C:/Users/NEXSOFT/Documents/Project/TA_SQA/JuaraCoding/Alamanda/TA-SQUAD-ACF/TA-SQUAD-ACF/src/test/resources/features/siloam/110UpdateDataSalesTigaKombinasi.feature:16)
]]>
            </full-stacktrace>
          </exception> <!-- java.lang.AssertionError -->
          <reporter-output>
          </reporter-output>
        </test-method> <!-- runScenario -->
        <test-method signature="runScenario(io.cucumber.testng.PickleWrapper,io.cucumber.testng.FeatureWrapper)[pri:0, instance:cucumber.framework.runner.siloam.ttddigital.TandaTanganDigitalOutlineRunner@68c9133c]" started-at="2022-10-06T08:12:25 WIB" name="runScenario" description="Runs Cucumber Scenarios" data-provider="scenarios" finished-at="2022-10-06T08:12:27 WIB" duration-ms="2026" status="FAIL">
          <params>
            <param index="0">
              <value>
                <![CDATA["Siloam110 Sales Update Data Tiga Kombinasi"]]>
              </value>
            </param>
            <param index="1">
              <value>
                <![CDATA["Update Data Sales Tiga Kombinasi"]]>
              </value>
            </param>
          </params>
          <exception class="java.lang.AssertionError">
            <message>
              <![CDATA[expected [Alamanda] but found [ADIT TEST]]]>
            </message>
            <full-stacktrace>
              <![CDATA[java.lang.AssertionError: expected [Alamanda] but found [ADIT TEST]
at org.testng.Assert.fail(Assert.java:110)
at org.testng.Assert.failNotEquals(Assert.java:1413)
at org.testng.Assert.assertEqualsImpl(Assert.java:149)
at org.testng.Assert.assertEquals(Assert.java:131)
at org.testng.Assert.assertEquals(Assert.java:655)
at org.testng.Assert.assertEquals(Assert.java:665)
at cucumber.framework.runner.siloam.ttddigital.TestTTDPageKombinasiTiga.siloam110_validasi_data_tersimpan_dan_form_ter_update(TestTTDPageKombinasiTiga.java:155)
at ✽.Siloam110 Validasi Data tersimpan dan form ter-update(file:///C:/Users/NEXSOFT/Documents/Project/TA_SQA/JuaraCoding/Alamanda/TA-SQUAD-ACF/TA-SQUAD-ACF/src/test/resources/features/siloam/110UpdateDataSalesTigaKombinasi.feature:16)
]]>
            </full-stacktrace>
          </exception> <!-- java.lang.AssertionError -->
          <reporter-output>
          </reporter-output>
        </test-method> <!-- runScenario -->
        <test-method signature="runScenario(io.cucumber.testng.PickleWrapper,io.cucumber.testng.FeatureWrapper)[pri:0, instance:cucumber.framework.runner.siloam.ttddigital.TandaTanganDigitalOutlineRunner@68c9133c]" started-at="2022-10-06T08:12:27 WIB" name="runScenario" description="Runs Cucumber Scenarios" data-provider="scenarios" finished-at="2022-10-06T08:12:30 WIB" duration-ms="2208" status="FAIL">
          <params>
            <param index="0">
              <value>
                <![CDATA["Siloam110 Sales Update Data Tiga Kombinasi"]]>
              </value>
            </param>
            <param index="1">
              <value>
                <![CDATA["Update Data Sales Tiga Kombinasi"]]>
              </value>
            </param>
          </params>
          <exception class="java.lang.AssertionError">
            <message>
              <![CDATA[expected [Alamanda] but found [ADIT TEST]]]>
            </message>
            <full-stacktrace>
              <![CDATA[java.lang.AssertionError: expected [Alamanda] but found [ADIT TEST]
at org.testng.Assert.fail(Assert.java:110)
at org.testng.Assert.failNotEquals(Assert.java:1413)
at org.testng.Assert.assertEqualsImpl(Assert.java:149)
at org.testng.Assert.assertEquals(Assert.java:131)
at org.testng.Assert.assertEquals(Assert.java:655)
at org.testng.Assert.assertEquals(Assert.java:665)
at cucumber.framework.runner.siloam.ttddigital.TestTTDPageKombinasiTiga.siloam110_validasi_data_tersimpan_dan_form_ter_update(TestTTDPageKombinasiTiga.java:155)
at ✽.Siloam110 Validasi Data tersimpan dan form ter-update(file:///C:/Users/NEXSOFT/Documents/Project/TA_SQA/JuaraCoding/Alamanda/TA-SQUAD-ACF/TA-SQUAD-ACF/src/test/resources/features/siloam/110UpdateDataSalesTigaKombinasi.feature:16)
]]>
            </full-stacktrace>
          </exception> <!-- java.lang.AssertionError -->
          <reporter-output>
          </reporter-output>
        </test-method> <!-- runScenario -->
        <test-method signature="runScenario(io.cucumber.testng.PickleWrapper,io.cucumber.testng.FeatureWrapper)[pri:0, instance:cucumber.framework.runner.siloam.ttddigital.TandaTanganDigitalOutlineRunner@68c9133c]" started-at="2022-10-06T08:12:30 WIB" name="runScenario" description="Runs Cucumber Scenarios" data-provider="scenarios" finished-at="2022-10-06T08:12:32 WIB" duration-ms="1978" status="FAIL">
          <params>
            <param index="0">
              <value>
                <![CDATA["Siloam110 Sales Update Data Tiga Kombinasi"]]>
              </value>
            </param>
            <param index="1">
              <value>
                <![CDATA["Update Data Sales Tiga Kombinasi"]]>
              </value>
            </param>
          </params>
          <exception class="java.lang.AssertionError">
            <message>
              <![CDATA[expected [Alamanda] but found [ADIT TEST]]]>
            </message>
            <full-stacktrace>
              <![CDATA[java.lang.AssertionError: expected [Alamanda] but found [ADIT TEST]
at org.testng.Assert.fail(Assert.java:110)
at org.testng.Assert.failNotEquals(Assert.java:1413)
at org.testng.Assert.assertEqualsImpl(Assert.java:149)
at org.testng.Assert.assertEquals(Assert.java:131)
at org.testng.Assert.assertEquals(Assert.java:655)
at org.testng.Assert.assertEquals(Assert.java:665)
at cucumber.framework.runner.siloam.ttddigital.TestTTDPageKombinasiTiga.siloam110_validasi_data_tersimpan_dan_form_ter_update(TestTTDPageKombinasiTiga.java:155)
at ✽.Siloam110 Validasi Data tersimpan dan form ter-update(file:///C:/Users/NEXSOFT/Documents/Project/TA_SQA/JuaraCoding/Alamanda/TA-SQUAD-ACF/TA-SQUAD-ACF/src/test/resources/features/siloam/110UpdateDataSalesTigaKombinasi.feature:16)
]]>
            </full-stacktrace>
          </exception> <!-- java.lang.AssertionError -->
          <reporter-output>
          </reporter-output>
        </test-method> <!-- runScenario -->
        <test-method signature="runScenario(io.cucumber.testng.PickleWrapper,io.cucumber.testng.FeatureWrapper)[pri:0, instance:cucumber.framework.runner.siloam.ttddigital.TandaTanganDigitalOutlineRunner@68c9133c]" started-at="2022-10-06T08:12:32 WIB" name="runScenario" description="Runs Cucumber Scenarios" data-provider="scenarios" finished-at="2022-10-06T08:12:34 WIB" duration-ms="2148" status="FAIL">
          <params>
            <param index="0">
              <value>
                <![CDATA["Siloam110 Sales Update Data Tiga Kombinasi"]]>
              </value>
            </param>
            <param index="1">
              <value>
                <![CDATA["Update Data Sales Tiga Kombinasi"]]>
              </value>
            </param>
          </params>
          <exception class="java.lang.AssertionError">
            <message>
              <![CDATA[expected [Alamanda] but found [ADIT TEST]]]>
            </message>
            <full-stacktrace>
              <![CDATA[java.lang.AssertionError: expected [Alamanda] but found [ADIT TEST]
at org.testng.Assert.fail(Assert.java:110)
at org.testng.Assert.failNotEquals(Assert.java:1413)
at org.testng.Assert.assertEqualsImpl(Assert.java:149)
at org.testng.Assert.assertEquals(Assert.java:131)
at org.testng.Assert.assertEquals(Assert.java:655)
at org.testng.Assert.assertEquals(Assert.java:665)
at cucumber.framework.runner.siloam.ttddigital.TestTTDPageKombinasiTiga.siloam110_validasi_data_tersimpan_dan_form_ter_update(TestTTDPageKombinasiTiga.java:155)
at ✽.Siloam110 Validasi Data tersimpan dan form ter-update(file:///C:/Users/NEXSOFT/Documents/Project/TA_SQA/JuaraCoding/Alamanda/TA-SQUAD-ACF/TA-SQUAD-ACF/src/test/resources/features/siloam/110UpdateDataSalesTigaKombinasi.feature:16)
]]>
            </full-stacktrace>
          </exception> <!-- java.lang.AssertionError -->
          <reporter-output>
          </reporter-output>
        </test-method> <!-- runScenario -->
        <test-method signature="runScenario(io.cucumber.testng.PickleWrapper,io.cucumber.testng.FeatureWrapper)[pri:0, instance:cucumber.framework.runner.siloam.ttddigital.TandaTanganDigitalOutlineRunner@68c9133c]" started-at="2022-10-06T08:12:34 WIB" name="runScenario" description="Runs Cucumber Scenarios" data-provider="scenarios" finished-at="2022-10-06T08:12:37 WIB" duration-ms="2779" status="FAIL">
          <params>
            <param index="0">
              <value>
                <![CDATA["Siloam110 Sales Update Data Tiga Kombinasi"]]>
              </value>
            </param>
            <param index="1">
              <value>
                <![CDATA["Update Data Sales Tiga Kombinasi"]]>
              </value>
            </param>
          </params>
          <exception class="java.lang.AssertionError">
            <message>
              <![CDATA[expected [Alamanda] but found [ADIT TEST]]]>
            </message>
            <full-stacktrace>
              <![CDATA[java.lang.AssertionError: expected [Alamanda] but found [ADIT TEST]
at org.testng.Assert.fail(Assert.java:110)
at org.testng.Assert.failNotEquals(Assert.java:1413)
at org.testng.Assert.assertEqualsImpl(Assert.java:149)
at org.testng.Assert.assertEquals(Assert.java:131)
at org.testng.Assert.assertEquals(Assert.java:655)
at org.testng.Assert.assertEquals(Assert.java:665)
at cucumber.framework.runner.siloam.ttddigital.TestTTDPageKombinasiTiga.siloam110_validasi_data_tersimpan_dan_form_ter_update(TestTTDPageKombinasiTiga.java:155)
at ✽.Siloam110 Validasi Data tersimpan dan form ter-update(file:///C:/Users/NEXSOFT/Documents/Project/TA_SQA/JuaraCoding/Alamanda/TA-SQUAD-ACF/TA-SQUAD-ACF/src/test/resources/features/siloam/110UpdateDataSalesTigaKombinasi.feature:16)
]]>
            </full-stacktrace>
          </exception> <!-- java.lang.AssertionError -->
          <reporter-output>
          </reporter-output>
        </test-method> <!-- runScenario -->
        <test-method signature="runScenario(io.cucumber.testng.PickleWrapper,io.cucumber.testng.FeatureWrapper)[pri:0, instance:cucumber.framework.runner.siloam.ttddigital.TandaTanganDigitalOutlineRunner@68c9133c]" started-at="2022-10-06T08:12:37 WIB" name="runScenario" description="Runs Cucumber Scenarios" data-provider="scenarios" finished-at="2022-10-06T08:12:38 WIB" duration-ms="1890" status="FAIL">
          <params>
            <param index="0">
              <value>
                <![CDATA["Siloam110 Sales Update Data Tiga Kombinasi"]]>
              </value>
            </param>
            <param index="1">
              <value>
                <![CDATA["Update Data Sales Tiga Kombinasi"]]>
              </value>
            </param>
          </params>
          <exception class="java.lang.AssertionError">
            <message>
              <![CDATA[expected [Alamanda] but found [ADIT TEST]]]>
            </message>
            <full-stacktrace>
              <![CDATA[java.lang.AssertionError: expected [Alamanda] but found [ADIT TEST]
at org.testng.Assert.fail(Assert.java:110)
at org.testng.Assert.failNotEquals(Assert.java:1413)
at org.testng.Assert.assertEqualsImpl(Assert.java:149)
at org.testng.Assert.assertEquals(Assert.java:131)
at org.testng.Assert.assertEquals(Assert.java:655)
at org.testng.Assert.assertEquals(Assert.java:665)
at cucumber.framework.runner.siloam.ttddigital.TestTTDPageKombinasiTiga.siloam110_validasi_data_tersimpan_dan_form_ter_update(TestTTDPageKombinasiTiga.java:155)
at ✽.Siloam110 Validasi Data tersimpan dan form ter-update(file:///C:/Users/NEXSOFT/Documents/Project/TA_SQA/JuaraCoding/Alamanda/TA-SQUAD-ACF/TA-SQUAD-ACF/src/test/resources/features/siloam/110UpdateDataSalesTigaKombinasi.feature:16)
]]>
            </full-stacktrace>
          </exception> <!-- java.lang.AssertionError -->
          <reporter-output>
          </reporter-output>
        </test-method> <!-- runScenario -->
        <test-method signature="runScenario(io.cucumber.testng.PickleWrapper,io.cucumber.testng.FeatureWrapper)[pri:0, instance:cucumber.framework.runner.siloam.ttddigital.TandaTanganDigitalOutlineRunner@68c9133c]" started-at="2022-10-06T08:12:38 WIB" name="runScenario" description="Runs Cucumber Scenarios" data-provider="scenarios" finished-at="2022-10-06T08:12:41 WIB" duration-ms="2733" status="FAIL">
          <params>
            <param index="0">
              <value>
                <![CDATA["Siloam110 Sales Update Data Tiga Kombinasi"]]>
              </value>
            </param>
            <param index="1">
              <value>
                <![CDATA["Update Data Sales Tiga Kombinasi"]]>
              </value>
            </param>
          </params>
          <exception class="java.lang.AssertionError">
            <message>
              <![CDATA[expected [Alamanda] but found [ADIT TEST]]]>
            </message>
            <full-stacktrace>
              <![CDATA[java.lang.AssertionError: expected [Alamanda] but found [ADIT TEST]
at org.testng.Assert.fail(Assert.java:110)
at org.testng.Assert.failNotEquals(Assert.java:1413)
at org.testng.Assert.assertEqualsImpl(Assert.java:149)
at org.testng.Assert.assertEquals(Assert.java:131)
at org.testng.Assert.assertEquals(Assert.java:655)
at org.testng.Assert.assertEquals(Assert.java:665)
at cucumber.framework.runner.siloam.ttddigital.TestTTDPageKombinasiTiga.siloam110_validasi_data_tersimpan_dan_form_ter_update(TestTTDPageKombinasiTiga.java:155)
at ✽.Siloam110 Validasi Data tersimpan dan form ter-update(file:///C:/Users/NEXSOFT/Documents/Project/TA_SQA/JuaraCoding/Alamanda/TA-SQUAD-ACF/TA-SQUAD-ACF/src/test/resources/features/siloam/110UpdateDataSalesTigaKombinasi.feature:16)
]]>
            </full-stacktrace>
          </exception> <!-- java.lang.AssertionError -->
          <reporter-output>
          </reporter-output>
        </test-method> <!-- runScenario -->
        <test-method signature="runScenario(io.cucumber.testng.PickleWrapper,io.cucumber.testng.FeatureWrapper)[pri:0, instance:cucumber.framework.runner.siloam.ttddigital.TandaTanganDigitalOutlineRunner@68c9133c]" started-at="2022-10-06T08:12:41 WIB" name="runScenario" description="Runs Cucumber Scenarios" data-provider="scenarios" finished-at="2022-10-06T08:12:43 WIB" duration-ms="1994" status="FAIL">
          <params>
            <param index="0">
              <value>
                <![CDATA["Siloam110 Sales Update Data Tiga Kombinasi"]]>
              </value>
            </param>
            <param index="1">
              <value>
                <![CDATA["Update Data Sales Tiga Kombinasi"]]>
              </value>
            </param>
          </params>
          <exception class="java.lang.AssertionError">
            <message>
              <![CDATA[expected [Alamanda] but found [ADIT TEST]]]>
            </message>
            <full-stacktrace>
              <![CDATA[java.lang.AssertionError: expected [Alamanda] but found [ADIT TEST]
at org.testng.Assert.fail(Assert.java:110)
at org.testng.Assert.failNotEquals(Assert.java:1413)
at org.testng.Assert.assertEqualsImpl(Assert.java:149)
at org.testng.Assert.assertEquals(Assert.java:131)
at org.testng.Assert.assertEquals(Assert.java:655)
at org.testng.Assert.assertEquals(Assert.java:665)
at cucumber.framework.runner.siloam.ttddigital.TestTTDPageKombinasiTiga.siloam110_validasi_data_tersimpan_dan_form_ter_update(TestTTDPageKombinasiTiga.java:155)
at ✽.Siloam110 Validasi Data tersimpan dan form ter-update(file:///C:/Users/NEXSOFT/Documents/Project/TA_SQA/JuaraCoding/Alamanda/TA-SQUAD-ACF/TA-SQUAD-ACF/src/test/resources/features/siloam/110UpdateDataSalesTigaKombinasi.feature:16)
]]>
            </full-stacktrace>
          </exception> <!-- java.lang.AssertionError -->
          <reporter-output>
          </reporter-output>
        </test-method> <!-- runScenario -->
        <test-method signature="runScenario(io.cucumber.testng.PickleWrapper,io.cucumber.testng.FeatureWrapper)[pri:0, instance:cucumber.framework.runner.siloam.ttddigital.TandaTanganDigitalOutlineRunner@68c9133c]" started-at="2022-10-06T08:12:43 WIB" name="runScenario" description="Runs Cucumber Scenarios" data-provider="scenarios" finished-at="2022-10-06T08:12:45 WIB" duration-ms="1907" status="FAIL">
          <params>
            <param index="0">
              <value>
                <![CDATA["Siloam110 Sales Update Data Tiga Kombinasi"]]>
              </value>
            </param>
            <param index="1">
              <value>
                <![CDATA["Update Data Sales Tiga Kombinasi"]]>
              </value>
            </param>
          </params>
          <exception class="java.lang.AssertionError">
            <message>
              <![CDATA[expected [Alamanda] but found [ADIT TEST]]]>
            </message>
            <full-stacktrace>
              <![CDATA[java.lang.AssertionError: expected [Alamanda] but found [ADIT TEST]
at org.testng.Assert.fail(Assert.java:110)
at org.testng.Assert.failNotEquals(Assert.java:1413)
at org.testng.Assert.assertEqualsImpl(Assert.java:149)
at org.testng.Assert.assertEquals(Assert.java:131)
at org.testng.Assert.assertEquals(Assert.java:655)
at org.testng.Assert.assertEquals(Assert.java:665)
at cucumber.framework.runner.siloam.ttddigital.TestTTDPageKombinasiTiga.siloam110_validasi_data_tersimpan_dan_form_ter_update(TestTTDPageKombinasiTiga.java:155)
at ✽.Siloam110 Validasi Data tersimpan dan form ter-update(file:///C:/Users/NEXSOFT/Documents/Project/TA_SQA/JuaraCoding/Alamanda/TA-SQUAD-ACF/TA-SQUAD-ACF/src/test/resources/features/siloam/110UpdateDataSalesTigaKombinasi.feature:16)
]]>
            </full-stacktrace>
          </exception> <!-- java.lang.AssertionError -->
          <reporter-output>
          </reporter-output>
        </test-method> <!-- runScenario -->
        <test-method signature="runScenario(io.cucumber.testng.PickleWrapper,io.cucumber.testng.FeatureWrapper)[pri:0, instance:cucumber.framework.runner.siloam.ttddigital.TandaTanganDigitalOutlineRunner@68c9133c]" started-at="2022-10-06T08:12:45 WIB" name="runScenario" description="Runs Cucumber Scenarios" data-provider="scenarios" finished-at="2022-10-06T08:12:47 WIB" duration-ms="2266" status="FAIL">
          <params>
            <param index="0">
              <value>
                <![CDATA["Siloam110 Sales Update Data Tiga Kombinasi"]]>
              </value>
            </param>
            <param index="1">
              <value>
                <![CDATA["Update Data Sales Tiga Kombinasi"]]>
              </value>
            </param>
          </params>
          <exception class="java.lang.AssertionError">
            <message>
              <![CDATA[expected [Alamanda] but found [ADIT TEST]]]>
            </message>
            <full-stacktrace>
              <![CDATA[java.lang.AssertionError: expected [Alamanda] but found [ADIT TEST]
at org.testng.Assert.fail(Assert.java:110)
at org.testng.Assert.failNotEquals(Assert.java:1413)
at org.testng.Assert.assertEqualsImpl(Assert.java:149)
at org.testng.Assert.assertEquals(Assert.java:131)
at org.testng.Assert.assertEquals(Assert.java:655)
at org.testng.Assert.assertEquals(Assert.java:665)
at cucumber.framework.runner.siloam.ttddigital.TestTTDPageKombinasiTiga.siloam110_validasi_data_tersimpan_dan_form_ter_update(TestTTDPageKombinasiTiga.java:155)
at ✽.Siloam110 Validasi Data tersimpan dan form ter-update(file:///C:/Users/NEXSOFT/Documents/Project/TA_SQA/JuaraCoding/Alamanda/TA-SQUAD-ACF/TA-SQUAD-ACF/src/test/resources/features/siloam/110UpdateDataSalesTigaKombinasi.feature:16)
]]>
            </full-stacktrace>
          </exception> <!-- java.lang.AssertionError -->
          <reporter-output>
          </reporter-output>
        </test-method> <!-- runScenario -->
        <test-method signature="runScenario(io.cucumber.testng.PickleWrapper,io.cucumber.testng.FeatureWrapper)[pri:0, instance:cucumber.framework.runner.siloam.ttddigital.TandaTanganDigitalOutlineRunner@68c9133c]" started-at="2022-10-06T08:12:47 WIB" name="runScenario" description="Runs Cucumber Scenarios" data-provider="scenarios" finished-at="2022-10-06T08:12:50 WIB" duration-ms="2128" status="FAIL">
          <params>
            <param index="0">
              <value>
                <![CDATA["Siloam110 Sales Update Data Tiga Kombinasi"]]>
              </value>
            </param>
            <param index="1">
              <value>
                <![CDATA["Update Data Sales Tiga Kombinasi"]]>
              </value>
            </param>
          </params>
          <exception class="java.lang.AssertionError">
            <message>
              <![CDATA[expected [Alamanda] but found [ADIT TEST]]]>
            </message>
            <full-stacktrace>
              <![CDATA[java.lang.AssertionError: expected [Alamanda] but found [ADIT TEST]
at org.testng.Assert.fail(Assert.java:110)
at org.testng.Assert.failNotEquals(Assert.java:1413)
at org.testng.Assert.assertEqualsImpl(Assert.java:149)
at org.testng.Assert.assertEquals(Assert.java:131)
at org.testng.Assert.assertEquals(Assert.java:655)
at org.testng.Assert.assertEquals(Assert.java:665)
at cucumber.framework.runner.siloam.ttddigital.TestTTDPageKombinasiTiga.siloam110_validasi_data_tersimpan_dan_form_ter_update(TestTTDPageKombinasiTiga.java:155)
at ✽.Siloam110 Validasi Data tersimpan dan form ter-update(file:///C:/Users/NEXSOFT/Documents/Project/TA_SQA/JuaraCoding/Alamanda/TA-SQUAD-ACF/TA-SQUAD-ACF/src/test/resources/features/siloam/110UpdateDataSalesTigaKombinasi.feature:16)
]]>
            </full-stacktrace>
          </exception> <!-- java.lang.AssertionError -->
          <reporter-output>
          </reporter-output>
        </test-method> <!-- runScenario -->
        <test-method signature="runScenario(io.cucumber.testng.PickleWrapper,io.cucumber.testng.FeatureWrapper)[pri:0, instance:cucumber.framework.runner.siloam.ttddigital.TandaTanganDigitalOutlineRunner@68c9133c]" started-at="2022-10-06T08:12:50 WIB" name="runScenario" description="Runs Cucumber Scenarios" data-provider="scenarios" finished-at="2022-10-06T08:12:51 WIB" duration-ms="1882" status="FAIL">
          <params>
            <param index="0">
              <value>
                <![CDATA["Siloam110 Sales Update Data Tiga Kombinasi"]]>
              </value>
            </param>
            <param index="1">
              <value>
                <![CDATA["Update Data Sales Tiga Kombinasi"]]>
              </value>
            </param>
          </params>
          <exception class="java.lang.AssertionError">
            <message>
              <![CDATA[expected [Alamanda] but found [ADIT TEST]]]>
            </message>
            <full-stacktrace>
              <![CDATA[java.lang.AssertionError: expected [Alamanda] but found [ADIT TEST]
at org.testng.Assert.fail(Assert.java:110)
at org.testng.Assert.failNotEquals(Assert.java:1413)
at org.testng.Assert.assertEqualsImpl(Assert.java:149)
at org.testng.Assert.assertEquals(Assert.java:131)
at org.testng.Assert.assertEquals(Assert.java:655)
at org.testng.Assert.assertEquals(Assert.java:665)
at cucumber.framework.runner.siloam.ttddigital.TestTTDPageKombinasiTiga.siloam110_validasi_data_tersimpan_dan_form_ter_update(TestTTDPageKombinasiTiga.java:155)
at ✽.Siloam110 Validasi Data tersimpan dan form ter-update(file:///C:/Users/NEXSOFT/Documents/Project/TA_SQA/JuaraCoding/Alamanda/TA-SQUAD-ACF/TA-SQUAD-ACF/src/test/resources/features/siloam/110UpdateDataSalesTigaKombinasi.feature:16)
]]>
            </full-stacktrace>
          </exception> <!-- java.lang.AssertionError -->
          <reporter-output>
          </reporter-output>
        </test-method> <!-- runScenario -->
        <test-method signature="runScenario(io.cucumber.testng.PickleWrapper,io.cucumber.testng.FeatureWrapper)[pri:0, instance:cucumber.framework.runner.siloam.ttddigital.TandaTanganDigitalOutlineRunner@68c9133c]" started-at="2022-10-06T08:12:51 WIB" name="runScenario" description="Runs Cucumber Scenarios" data-provider="scenarios" finished-at="2022-10-06T08:12:54 WIB" duration-ms="2268" status="FAIL">
          <params>
            <param index="0">
              <value>
                <![CDATA["Siloam110 Sales Update Data Tiga Kombinasi"]]>
              </value>
            </param>
            <param index="1">
              <value>
                <![CDATA["Update Data Sales Tiga Kombinasi"]]>
              </value>
            </param>
          </params>
          <exception class="java.lang.AssertionError">
            <message>
              <![CDATA[expected [Alamanda] but found [ADIT TEST]]]>
            </message>
            <full-stacktrace>
              <![CDATA[java.lang.AssertionError: expected [Alamanda] but found [ADIT TEST]
at org.testng.Assert.fail(Assert.java:110)
at org.testng.Assert.failNotEquals(Assert.java:1413)
at org.testng.Assert.assertEqualsImpl(Assert.java:149)
at org.testng.Assert.assertEquals(Assert.java:131)
at org.testng.Assert.assertEquals(Assert.java:655)
at org.testng.Assert.assertEquals(Assert.java:665)
at cucumber.framework.runner.siloam.ttddigital.TestTTDPageKombinasiTiga.siloam110_validasi_data_tersimpan_dan_form_ter_update(TestTTDPageKombinasiTiga.java:155)
at ✽.Siloam110 Validasi Data tersimpan dan form ter-update(file:///C:/Users/NEXSOFT/Documents/Project/TA_SQA/JuaraCoding/Alamanda/TA-SQUAD-ACF/TA-SQUAD-ACF/src/test/resources/features/siloam/110UpdateDataSalesTigaKombinasi.feature:16)
]]>
            </full-stacktrace>
          </exception> <!-- java.lang.AssertionError -->
          <reporter-output>
          </reporter-output>
        </test-method> <!-- runScenario -->
        <test-method signature="runScenario(io.cucumber.testng.PickleWrapper,io.cucumber.testng.FeatureWrapper)[pri:0, instance:cucumber.framework.runner.siloam.ttddigital.TandaTanganDigitalOutlineRunner@68c9133c]" started-at="2022-10-06T08:12:54 WIB" name="runScenario" description="Runs Cucumber Scenarios" data-provider="scenarios" finished-at="2022-10-06T08:12:56 WIB" duration-ms="1903" status="FAIL">
          <params>
            <param index="0">
              <value>
                <![CDATA["Siloam110 Sales Update Data Tiga Kombinasi"]]>
              </value>
            </param>
            <param index="1">
              <value>
                <![CDATA["Update Data Sales Tiga Kombinasi"]]>
              </value>
            </param>
          </params>
          <exception class="java.lang.AssertionError">
            <message>
              <![CDATA[expected [Alamanda] but found [ADIT TEST]]]>
            </message>
            <full-stacktrace>
              <![CDATA[java.lang.AssertionError: expected [Alamanda] but found [ADIT TEST]
at org.testng.Assert.fail(Assert.java:110)
at org.testng.Assert.failNotEquals(Assert.java:1413)
at org.testng.Assert.assertEqualsImpl(Assert.java:149)
at org.testng.Assert.assertEquals(Assert.java:131)
at org.testng.Assert.assertEquals(Assert.java:655)
at org.testng.Assert.assertEquals(Assert.java:665)
at cucumber.framework.runner.siloam.ttddigital.TestTTDPageKombinasiTiga.siloam110_validasi_data_tersimpan_dan_form_ter_update(TestTTDPageKombinasiTiga.java:155)
at ✽.Siloam110 Validasi Data tersimpan dan form ter-update(file:///C:/Users/NEXSOFT/Documents/Project/TA_SQA/JuaraCoding/Alamanda/TA-SQUAD-ACF/TA-SQUAD-ACF/src/test/resources/features/siloam/110UpdateDataSalesTigaKombinasi.feature:16)
]]>
            </full-stacktrace>
          </exception> <!-- java.lang.AssertionError -->
          <reporter-output>
          </reporter-output>
        </test-method> <!-- runScenario -->
        <test-method signature="runScenario(io.cucumber.testng.PickleWrapper,io.cucumber.testng.FeatureWrapper)[pri:0, instance:cucumber.framework.runner.siloam.ttddigital.TandaTanganDigitalOutlineRunner@68c9133c]" started-at="2022-10-06T08:12:56 WIB" name="runScenario" description="Runs Cucumber Scenarios" data-provider="scenarios" finished-at="2022-10-06T08:12:58 WIB" duration-ms="2238" status="FAIL">
          <params>
            <param index="0">
              <value>
                <![CDATA["Siloam110 Sales Update Data Tiga Kombinasi"]]>
              </value>
            </param>
            <param index="1">
              <value>
                <![CDATA["Update Data Sales Tiga Kombinasi"]]>
              </value>
            </param>
          </params>
          <exception class="java.lang.AssertionError">
            <message>
              <![CDATA[expected [Alamanda] but found [ADIT TEST]]]>
            </message>
            <full-stacktrace>
              <![CDATA[java.lang.AssertionError: expected [Alamanda] but found [ADIT TEST]
at org.testng.Assert.fail(Assert.java:110)
at org.testng.Assert.failNotEquals(Assert.java:1413)
at org.testng.Assert.assertEqualsImpl(Assert.java:149)
at org.testng.Assert.assertEquals(Assert.java:131)
at org.testng.Assert.assertEquals(Assert.java:655)
at org.testng.Assert.assertEquals(Assert.java:665)
at cucumber.framework.runner.siloam.ttddigital.TestTTDPageKombinasiTiga.siloam110_validasi_data_tersimpan_dan_form_ter_update(TestTTDPageKombinasiTiga.java:155)
at ✽.Siloam110 Validasi Data tersimpan dan form ter-update(file:///C:/Users/NEXSOFT/Documents/Project/TA_SQA/JuaraCoding/Alamanda/TA-SQUAD-ACF/TA-SQUAD-ACF/src/test/resources/features/siloam/110UpdateDataSalesTigaKombinasi.feature:16)
]]>
            </full-stacktrace>
          </exception> <!-- java.lang.AssertionError -->
          <reporter-output>
          </reporter-output>
        </test-method> <!-- runScenario -->
        <test-method signature="runScenario(io.cucumber.testng.PickleWrapper,io.cucumber.testng.FeatureWrapper)[pri:0, instance:cucumber.framework.runner.siloam.ttddigital.TandaTanganDigitalOutlineRunner@68c9133c]" started-at="2022-10-06T08:12:58 WIB" name="runScenario" description="Runs Cucumber Scenarios" data-provider="scenarios" finished-at="2022-10-06T08:13:00 WIB" duration-ms="2170" status="FAIL">
          <params>
            <param index="0">
              <value>
                <![CDATA["Siloam110 Sales Update Data Tiga Kombinasi"]]>
              </value>
            </param>
            <param index="1">
              <value>
                <![CDATA["Update Data Sales Tiga Kombinasi"]]>
              </value>
            </param>
          </params>
          <exception class="java.lang.AssertionError">
            <message>
              <![CDATA[expected [Alamanda] but found [ADIT TEST]]]>
            </message>
            <full-stacktrace>
              <![CDATA[java.lang.AssertionError: expected [Alamanda] but found [ADIT TEST]
at org.testng.Assert.fail(Assert.java:110)
at org.testng.Assert.failNotEquals(Assert.java:1413)
at org.testng.Assert.assertEqualsImpl(Assert.java:149)
at org.testng.Assert.assertEquals(Assert.java:131)
at org.testng.Assert.assertEquals(Assert.java:655)
at org.testng.Assert.assertEquals(Assert.java:665)
at cucumber.framework.runner.siloam.ttddigital.TestTTDPageKombinasiTiga.siloam110_validasi_data_tersimpan_dan_form_ter_update(TestTTDPageKombinasiTiga.java:155)
at ✽.Siloam110 Validasi Data tersimpan dan form ter-update(file:///C:/Users/NEXSOFT/Documents/Project/TA_SQA/JuaraCoding/Alamanda/TA-SQUAD-ACF/TA-SQUAD-ACF/src/test/resources/features/siloam/110UpdateDataSalesTigaKombinasi.feature:16)
]]>
            </full-stacktrace>
          </exception> <!-- java.lang.AssertionError -->
          <reporter-output>
          </reporter-output>
        </test-method> <!-- runScenario -->
        <test-method signature="runScenario(io.cucumber.testng.PickleWrapper,io.cucumber.testng.FeatureWrapper)[pri:0, instance:cucumber.framework.runner.siloam.ttddigital.TandaTanganDigitalOutlineRunner@68c9133c]" started-at="2022-10-06T08:13:00 WIB" name="runScenario" description="Runs Cucumber Scenarios" data-provider="scenarios" finished-at="2022-10-06T08:13:02 WIB" duration-ms="2060" status="FAIL">
          <params>
            <param index="0">
              <value>
                <![CDATA["Siloam110 Sales Update Data Tiga Kombinasi"]]>
              </value>
            </param>
            <param index="1">
              <value>
                <![CDATA["Update Data Sales Tiga Kombinasi"]]>
              </value>
            </param>
          </params>
          <exception class="java.lang.AssertionError">
            <message>
              <![CDATA[expected [Alamanda] but found [ADIT TEST]]]>
            </message>
            <full-stacktrace>
              <![CDATA[java.lang.AssertionError: expected [Alamanda] but found [ADIT TEST]
at org.testng.Assert.fail(Assert.java:110)
at org.testng.Assert.failNotEquals(Assert.java:1413)
at org.testng.Assert.assertEqualsImpl(Assert.java:149)
[...]
at org.testng.Assert.assertEquals(Assert.java:665)
at cucumber.framework.runner.siloam.ttddigital.TestTTDPageKombinasiLima.siloam120_validasi_data_tersimpan_dan_form_ter_update(TestTTDPageKombinasiLima.java:130)
at ✽.Siloam120 Validasi Data Tersimpan Dan Form Ter-update(file:///C:/Users/NEXSOFT/Documents/Project/TA_SQA/JuaraCoding/Alamanda/TA-SQUAD-ACF/TA-SQUAD-ACF/src/test/resources/features/siloam/120UpdateDataSalesLimaKombinasi.feature:16)
]]>
            </full-stacktrace>
          </exception> <!-- java.lang.AssertionError -->
          <reporter-output>
          </reporter-output>
        </test-method> <!-- runScenario -->
        <test-method signature="runScenario(io.cucumber.testng.PickleWrapper,io.cucumber.testng.FeatureWrapper)[pri:0, instance:cucumber.framework.runner.siloam.ttddigital.TandaTanganDigitalOutlineRunner@68c9133c]" started-at="2022-10-06T08:18:55 WIB" name="runScenario" description="Runs Cucumber Scenarios" data-provider="scenarios" finished-at="2022-10-06T08:18:57 WIB" duration-ms="2357" status="PASS">
          <params>
            <param index="0">
              <value>
                <![CDATA["Siloam120 Sales Update Data Lima Kombinasi"]]>
              </value>
            </param>
            <param index="1">
              <value>
                <![CDATA["Update Data Sales Lima Kombinasi"]]>
              </value>
            </param>
          </params>
          <reporter-output>
          </reporter-output>
        </test-method> <!-- runScenario -->
        <test-method signature="runScenario(io.cucumber.testng.PickleWrapper,io.cucumber.testng.FeatureWrapper)[pri:0, instance:cucumber.framework.runner.siloam.ttddigital.TandaTanganDigitalOutlineRunner@68c9133c]" started-at="2022-10-06T08:18:57 WIB" name="runScenario" description="Runs Cucumber Scenarios" data-provider="scenarios" finished-at="2022-10-06T08:19:00 WIB" duration-ms="2355" status="PASS">
          <params>
            <param index="0">
              <value>
                <![CDATA["Siloam120 Sales Update Data Lima Kombinasi"]]>
              </value>
            </param>
            <param index="1">
              <value>
                <![CDATA["Update Data Sales Lima Kombinasi"]]>
              </value>
            </param>
          </params>
          <reporter-output>
          </reporter-output>
        </test-method> <!-- runScenario -->
        <test-method signature="runScenario(io.cucumber.testng.PickleWrapper,io.cucumber.testng.FeatureWrapper)[pri:0, instance:cucumber.framework.runner.siloam.ttddigital.TandaTanganDigitalOutlineRunner@68c9133c]" started-at="2022-10-06T08:19:00 WIB" name="runScenario" description="Runs Cucumber Scenarios" data-provider="scenarios" finished-at="2022-10-06T08:19:02 WIB" duration-ms="2285" status="PASS">
          <params>
            <param index="0">
              <value>
                <![CDATA["Siloam120 Sales Update Data Lima Kombinasi"]]>
              </value>
            </param>
            <param index="1">
              <value>
                <![CDATA["Update Data Sales Lima Kombinasi"]]>
              </value>
            </param>
          </params>
          <reporter-output>
          </reporter-output>
        </test-method> <!-- runScenario -->
        <test-method signature="runScenario(io.cucumber.testng.PickleWrapper,io.cucumber.testng.FeatureWrapper)[pri:0, instance:cucumber.framework.runner.siloam.ttddigital.TandaTanganDigitalOutlineRunner@68c9133c]" started-at="2022-10-06T08:19:02 WIB" name="runScenario" description="Runs Cucumber Scenarios" data-provider="scenarios" finished-at="2022-10-06T08:19:04 WIB" duration-ms="2170" status="PASS">
          <params>
            <param index="0">
              <value>
                <![CDATA["Siloam120 Sales Update Data Lima Kombinasi"]]>
              </value>
            </param>
            <param index="1">
              <value>
                <![CDATA["Update Data Sales Lima Kombinasi"]]>
              </value>
            </param>
          </params>
          <reporter-output>
          </reporter-output>
        </test-method> <!-- runScenario -->
        <test-method signature="runScenario(io.cucumber.testng.PickleWrapper,io.cucumber.testng.FeatureWrapper)[pri:0, instance:cucumber.framework.runner.siloam.ttddigital.TandaTanganDigitalOutlineRunner@68c9133c]" started-at="2022-10-06T08:19:04 WIB" name="runScenario" description="Runs Cucumber Scenarios" data-provider="scenarios" finished-at="2022-10-06T08:19:06 WIB" duration-ms="2142" status="PASS">
          <params>
            <param index="0">
              <value>
                <![CDATA["Siloam120 Sales Update Data Lima Kombinasi"]]>
              </value>
            </param>
            <param index="1">
              <value>
                <![CDATA["Update Data Sales Lima Kombinasi"]]>
              </value>
            </param>
          </params>
          <reporter-output>
          </reporter-output>
        </test-method> <!-- runScenario -->
        <test-method signature="runScenario(io.cucumber.testng.PickleWrapper,io.cucumber.testng.FeatureWrapper)[pri:0, instance:cucumber.framework.runner.siloam.ttddigital.TandaTanganDigitalOutlineRunner@68c9133c]" started-at="2022-10-06T08:19:06 WIB" name="runScenario" description="Runs Cucumber Scenarios" data-provider="scenarios" finished-at="2022-10-06T08:19:08 WIB" duration-ms="2135" status="PASS">
          <params>
            <param index="0">
              <value>
                <![CDATA["Siloam120 Sales Update Data Lima Kombinasi"]]>
              </value>
            </param>
            <param index="1">
              <value>
                <![CDATA["Update Data Sales Lima Kombinasi"]]>
              </value>
            </param>
          </params>
          <reporter-output>
          </reporter-output>
        </test-method> <!-- runScenario -->
        <test-method signature="runScenario(io.cucumber.testng.PickleWrapper,io.cucumber.testng.FeatureWrapper)[pri:0, instance:cucumber.framework.runner.siloam.ttddigital.TandaTanganDigitalOutlineRunner@68c9133c]" started-at="2022-10-06T08:19:08 WIB" name="runScenario" description="Runs Cucumber Scenarios" data-provider="scenarios" finished-at="2022-10-06T08:19:11 WIB" duration-ms="2371" status="PASS">
          <params>
            <param index="0">
              <value>
                <![CDATA["Siloam120 Sales Update Data Lima Kombinasi"]]>
              </value>
            </param>
            <param index="1">
              <value>
                <![CDATA["Update Data Sales Lima Kombinasi"]]>
              </value>
            </param>
          </params>
          <reporter-output>
          </reporter-output>
        </test-method> <!-- runScenario -->
        <test-method signature="runScenario(io.cucumber.testng.PickleWrapper,io.cucumber.testng.FeatureWrapper)[pri:0, instance:cucumber.framework.runner.siloam.ttddigital.TandaTanganDigitalOutlineRunner@68c9133c]" started-at="2022-10-06T08:19:11 WIB" name="runScenario" description="Runs Cucumber Scenarios" data-provider="scenarios" finished-at="2022-10-06T08:19:13 WIB" duration-ms="2449" status="PASS">
          <params>
            <param index="0">
              <value>
                <![CDATA["Siloam120 Sales Update Data Lima Kombinasi"]]>
              </value>
            </param>
            <param index="1">
              <value>
                <![CDATA["Update Data Sales Lima Kombinasi"]]>
              </value>
            </param>
          </params>
          <reporter-output>
          </reporter-output>
        </test-method> <!-- runScenario -->
        <test-method signature="runScenario(io.cucumber.testng.PickleWrapper,io.cucumber.testng.FeatureWrapper)[pri:0, instance:cucumber.framework.runner.siloam.ttddigital.TandaTanganDigitalOutlineRunner@68c9133c]" started-at="2022-10-06T08:19:13 WIB" name="runScenario" description="Runs Cucumber Scenarios" data-provider="scenarios" finished-at="2022-10-06T08:19:16 WIB" duration-ms="2669" status="PASS">
          <params>
            <param index="0">
              <value>
                <![CDATA["Siloam120 Sales Update Data Lima Kombinasi"]]>
              </value>
            </param>
            <param index="1">
              <value>
                <![CDATA["Update Data Sales Lima Kombinasi"]]>
              </value>
            </param>
          </params>
          <reporter-output>
          </reporter-output>
        </test-method> <!-- runScenario -->
        <test-method signature="runScenario(io.cucumber.testng.PickleWrapper,io.cucumber.testng.FeatureWrapper)[pri:0, instance:cucumber.framework.runner.siloam.ttddigital.TandaTanganDigitalOutlineRunner@68c9133c]" started-at="2022-10-06T08:19:16 WIB" name="runScenario" description="Runs Cucumber Scenarios" data-provider="scenarios" finished-at="2022-10-06T08:19:18 WIB" duration-ms="2398" status="PASS">
          <params>
            <param index="0">
              <value>
                <![CDATA["Siloam120 Sales Update Data Lima Kombinasi"]]>
              </value>
            </param>
            <param index="1">
              <value>
                <![CDATA["Update Data Sales Lima Kombinasi"]]>
              </value>
            </param>
          </params>
          <reporter-output>
          </reporter-output>
        </test-method> <!-- runScenario -->
        <test-method signature="runScenario(io.cucumber.testng.PickleWrapper,io.cucumber.testng.FeatureWrapper)[pri:0, instance:cucumber.framework.runner.siloam.ttddigital.TandaTanganDigitalOutlineRunner@68c9133c]" started-at="2022-10-06T08:19:18 WIB" name="runScenario" description="Runs Cucumber Scenarios" data-provider="scenarios" finished-at="2022-10-06T08:19:21 WIB" duration-ms="2352" status="PASS">
          <params>
            <param index="0">
              <value>
                <![CDATA["Siloam120 Sales Update Data Lima Kombinasi"]]>
              </value>
            </param>
            <param index="1">
              <value>
                <![CDATA["Update Data Sales Lima Kombinasi"]]>
              </value>
            </param>
          </params>
          <reporter-output>
          </reporter-output>
        </test-method> <!-- runScenario -->
        <test-method signature="runScenario(io.cucumber.testng.PickleWrapper,io.cucumber.testng.FeatureWrapper)[pri:0, instance:cucumber.framework.runner.siloam.ttddigital.TandaTanganDigitalOutlineRunner@68c9133c]" started-at="2022-10-06T08:19:21 WIB" name="runScenario" description="Runs Cucumber Scenarios" data-provider="scenarios" finished-at="2022-10-06T08:19:23 WIB" duration-ms="2246" status="PASS">
          <params>
            <param index="0">
              <value>
                <![CDATA["Siloam120 Sales Update Data Lima Kombinasi"]]>
              </value>
            </param>
            <param index="1">
              <value>
                <![CDATA["Update Data Sales Lima Kombinasi"]]>
              </value>
            </param>
          </params>
          <reporter-output>
          </reporter-output>
        </test-method> <!-- runScenario -->
        <test-method signature="runScenario(io.cucumber.testng.PickleWrapper,io.cucumber.testng.FeatureWrapper)[pri:0, instance:cucumber.framework.runner.siloam.ttddigital.TandaTanganDigitalOutlineRunner@68c9133c]" started-at="2022-10-06T08:19:23 WIB" name="runScenario" description="Runs Cucumber Scenarios" data-provider="scenarios" finished-at="2022-10-06T08:19:25 WIB" duration-ms="2240" status="PASS">
          <params>
            <param index="0">
              <value>
                <![CDATA["Siloam120 Sales Update Data Lima Kombinasi"]]>
              </value>
            </param>
            <param index="1">
              <value>
                <![CDATA["Update Data Sales Lima Kombinasi"]]>
              </value>
            </param>
          </params>
          <reporter-output>
          </reporter-output>
        </test-method> <!-- runScenario -->
        <test-method signature="runScenario(io.cucumber.testng.PickleWrapper,io.cucumber.testng.FeatureWrapper)[pri:0, instance:cucumber.framework.runner.siloam.ttddigital.TandaTanganDigitalOutlineRunner@68c9133c]" started-at="2022-10-06T08:19:25 WIB" name="runScenario" description="Runs Cucumber Scenarios" data-provider="scenarios" finished-at="2022-10-06T08:19:27 WIB" duration-ms="2154" status="PASS">
          <params>
            <param index="0">
              <value>
                <![CDATA["Siloam120 Sales Update Data Lima Kombinasi"]]>
              </value>
            </param>
            <param index="1">
              <value>
                <![CDATA["Update Data Sales Lima Kombinasi"]]>
              </value>
            </param>
          </params>
          <reporter-output>
          </reporter-output>
        </test-method> <!-- runScenario -->
        <test-method signature="runScenario(io.cucumber.testng.PickleWrapper,io.cucumber.testng.FeatureWrapper)[pri:0, instance:cucumber.framework.runner.siloam.ttddigital.TandaTanganDigitalOutlineRunner@68c9133c]" started-at="2022-10-06T08:19:27 WIB" name="runScenario" description="Runs Cucumber Scenarios" data-provider="scenarios" finished-at="2022-10-06T08:19:30 WIB" duration-ms="2386" status="PASS">
          <params>
            <param index="0">
              <value>
                <![CDATA["Siloam120 Sales Update Data Lima Kombinasi"]]>
              </value>
            </param>
            <param index="1">
              <value>
                <![CDATA["Update Data Sales Lima Kombinasi"]]>
              </value>
            </param>
          </params>
          <reporter-output>
          </reporter-output>
        </test-method> <!-- runScenario -->
        <test-method signature="runScenario(io.cucumber.testng.PickleWrapper,io.cucumber.testng.FeatureWrapper)[pri:0, instance:cucumber.framework.runner.siloam.ttddigital.TandaTanganDigitalOutlineRunner@68c9133c]" started-at="2022-10-06T08:19:30 WIB" name="runScenario" description="Runs Cucumber Scenarios" data-provider="scenarios" finished-at="2022-10-06T08:19:32 WIB" duration-ms="2273" status="PASS">
          <params>
            <param index="0">
              <value>
                <![CDATA["Siloam120 Sales Update Data Lima Kombinasi"]]>
              </value>
            </param>
            <param index="1">
              <value>
                <![CDATA["Update Data Sales Lima Kombinasi"]]>
              </value>
            </param>
          </params>
          <reporter-output>
          </reporter-output>
        </test-method> <!-- runScenario -->
        <test-method signature="runScenario(io.cucumber.testng.PickleWrapper,io.cucumber.testng.FeatureWrapper)[pri:0, instance:cucumber.framework.runner.siloam.ttddigital.TandaTanganDigitalOutlineRunner@68c9133c]" started-at="2022-10-06T08:19:32 WIB" name="runScenario" description="Runs Cucumber Scenarios" data-provider="scenarios" finished-at="2022-10-06T08:19:34 WIB" duration-ms="2263" status="PASS">
          <params>
            <param index="0">
              <value>
                <![CDATA["Siloam120 Sales Update Data Lima Kombinasi"]]>
              </value>
            </param>
            <param index="1">
              <value>
                <![CDATA["Update Data Sales Lima Kombinasi"]]>
              </value>
            </param>
          </params>
          <reporter-output>
          </reporter-output>
        </test-method> <!-- runScenario -->
        <test-method signature="runScenario(io.cucumber.testng.PickleWrapper,io.cucumber.testng.FeatureWrapper)[pri:0, instance:cucumber.framework.runner.siloam.ttddigital.TandaTanganDigitalOutlineRunner@68c9133c]" started-at="2022-10-06T08:19:34 WIB" name="runScenario" description="Runs Cucumber Scenarios" data-provider="scenarios" finished-at="2022-10-06T08:19:37 WIB" duration-ms="2378" status="PASS">
          <params>
            <param index="0">
              <value>
                <![CDATA["Siloam120 Sales Update Data Lima Kombinasi"]]>
              </value>
            </param>
            <param index="1">
              <value>
                <![CDATA["Update Data Sales Lima Kombinasi"]]>
              </value>
            </param>
          </params>
          <reporter-output>
          </reporter-output>
        </test-method> <!-- runScenario -->
        <test-method signature="runScenario(io.cucumber.testng.PickleWrapper,io.cucumber.testng.FeatureWrapper)[pri:0, instance:cucumber.framework.runner.siloam.ttddigital.TandaTanganDigitalOutlineRunner@68c9133c]" started-at="2022-10-06T08:19:37 WIB" name="runScenario" description="Runs Cucumber Scenarios" data-provider="scenarios" finished-at="2022-10-06T08:19:39 WIB" duration-ms="2066" status="PASS">
          <params>
            <param index="0">
              <value>
                <![CDATA["Siloam120 Sales Update Data Lima Kombinasi"]]>
              </value>
            </param>
            <param index="1">
              <value>
                <![CDATA["Update Data Sales Lima Kombinasi"]]>
              </value>
            </param>
          </params>
          <reporter-output>
          </reporter-output>
        </test-method> <!-- runScenario -->
        <test-method signature="runScenario(io.cucumber.testng.PickleWrapper,io.cucumber.testng.FeatureWrapper)[pri:0, instance:cucumber.framework.runner.siloam.ttddigital.TandaTanganDigitalOutlineRunner@68c9133c]" started-at="2022-10-06T08:19:39 WIB" name="runScenario" description="Runs Cucumber Scenarios" data-provider="scenarios" finished-at="2022-10-06T08:19:41 WIB" duration-ms="2338" status="PASS">
          <params>
            <param index="0">
              <value>
                <![CDATA["Siloam120 Sales Update Data Lima Kombinasi"]]>
              </value>
            </param>
            <param index="1">
              <value>
                <![CDATA["Update Data Sales Lima Kombinasi"]]>
              </value>
            </param>
          </params>
          <reporter-output>
          </reporter-output>
        </test-method> <!-- runScenario -->
        <test-method signature="runScenario(io.cucumber.testng.PickleWrapper,io.cucumber.testng.FeatureWrapper)[pri:0, instance:cucumber.framework.runner.siloam.ttddigital.TandaTanganDigitalOutlineRunner@68c9133c]" started-at="2022-10-06T08:19:41 WIB" name="runScenario" description="Runs Cucumber Scenarios" data-provider="scenarios" finished-at="2022-10-06T08:19:43 WIB" duration-ms="2288" status="PASS">
          <params>
            <param index="0">
              <value>
                <![CDATA["Siloam120 Sales Update Data Lima Kombinasi"]]>
              </value>
            </param>
            <param index="1">
              <value>
                <![CDATA["Update Data Sales Lima Kombinasi"]]>
              </value>
            </param>
          </params>
          <reporter-output>
          </reporter-output>
        </test-method> <!-- runScenario -->
        <test-method is-config="true" signature="tearDownClass()[pri:0, instance:cucumber.framework.runner.siloam.ttddigital.TandaTanganDigitalOutlineRunner@68c9133c]" started-at="2022-10-06T08:19:43 WIB" name="tearDownClass" finished-at="2022-10-06T08:19:44 WIB" duration-ms="651" status="PASS">
          <reporter-output>
          </reporter-output>
        </test-method> <!-- tearDownClass -->
      </class> <!-- cucumber.framework.runner.siloam.ttddigital.TandaTanganDigitalOutlineRunner -->
    </test> <!-- Default test -->
  </suite> <!-- Default suite -->
</testng-results>
