<?xml version="1.0" encoding="UTF-8"?>
<testng-results ignored="0" total="3" passed="2" failed="1" skipped="0">
  <reporter-output>
  </reporter-output>
  <suite started-at="2022-09-23T12:43:32 WIB" name="Default suite" finished-at="2022-09-23T12:44:02 WIB" duration-ms="29946">
    <groups>
      <group name="cucumber">
        <method signature="AbstractTestNGCucumberTests.runScenario(io.cucumber.testng.PickleWrapper,io.cucumber.testng.FeatureWrapper)[pri:0, instance:cucumber.framework.runner.nopc.scenefirst.LoginRunner@4a83a74a]" name="runScenario" class="io.cucumber.testng.AbstractTestNGCucumberTests"/>
      </group> <!-- cucumber -->
    </groups>
    <test started-at="2022-09-23T12:43:32 WIB" name="Default test" finished-at="2022-09-23T12:44:02 WIB" duration-ms="29946">
      <class name="cucumber.framework.runner.nopc.scenefirst.LoginRunner">
        <test-method is-config="true" signature="setUpClass(org.testng.ITestContext)[pri:0, instance:cucumber.framework.runner.nopc.scenefirst.LoginRunner@4a83a74a]" started-at="2022-09-23T12:43:32 WIB" name="setUpClass" finished-at="2022-09-23T12:43:32 WIB" duration-ms="521" status="PASS">
          <params>
            <param index="0">
              <value>
                <![CDATA[org.testng.TestRunner@7cd3e0da]]>
              </value>
            </param>
          </params>
          <reporter-output>
          </reporter-output>
        </test-method> <!-- setUpClass -->
        <test-method signature="runScenario(io.cucumber.testng.PickleWrapper,io.cucumber.testng.FeatureWrapper)[pri:0, instance:cucumber.framework.runner.nopc.scenefirst.LoginRunner@4a83a74a]" started-at="2022-09-23T12:43:32 WIB" name="runScenario" description="Runs Cucumber Scenarios" data-provider="scenarios" finished-at="2022-09-23T12:43:40 WIB" duration-ms="7517" status="PASS">
          <params>
            <param index="0">
              <value>
                <![CDATA["User invalid login"]]>
              </value>
            </param>
            <param index="1">
              <value>
                <![CDATA["Login User NOPC"]]>
              </value>
            </param>
          </params>
          <reporter-output>
          </reporter-output>
        </test-method> <!-- runScenario -->
        <test-method signature="runScenario(io.cucumber.testng.PickleWrapper,io.cucumber.testng.FeatureWrapper)[pri:0, instance:cucumber.framework.runner.nopc.scenefirst.LoginRunner@4a83a74a]" started-at="2022-09-23T12:43:40 WIB" name="runScenario" description="Runs Cucumber Scenarios" data-provider="scenarios" finished-at="2022-09-23T12:43:58 WIB" duration-ms="17981" status="PASS">
          <params>
            <param index="0">
              <value>
                <![CDATA["User valid login"]]>
              </value>
            </param>
            <param index="1">
              <value>
                <![CDATA["Login User NOPC"]]>
              </value>
            </param>
          </params>
          <reporter-output>
          </reporter-output>
        </test-method> <!-- runScenario -->
        <test-method signature="runScenario(io.cucumber.testng.PickleWrapper,io.cucumber.testng.FeatureWrapper)[pri:0, instance:cucumber.framework.runner.nopc.scenefirst.LoginRunner@4a83a74a]" started-at="2022-09-23T12:43:58 WIB" name="runScenario" description="Runs Cucumber Scenarios" data-provider="scenarios" finished-at="2022-09-23T12:43:59 WIB" duration-ms="1621" status="FAIL">
          <params>
            <param index="0">
              <value>
                <![CDATA["Dashboard user function"]]>
              </value>
            </param>
            <param index="1">
              <value>
                <![CDATA["Dashboard User NOPC"]]>
              </value>
            </param>
          </params>
          <exception class="java.lang.AssertionError">
            <message>
              <![CDATA[expected [Dashboar] but found [Dashboard]]]>
            </message>
            <full-stacktrace>
              <![CDATA[java.lang.AssertionError: expected [Dashboar] but found [Dashboard]
at org.testng.Assert.fail(Assert.java:110)
at org.testng.Assert.failNotEquals(Assert.java:1413)
at org.testng.Assert.assertEqualsImpl(Assert.java:149)
at org.testng.Assert.assertEquals(Assert.java:131)
at org.testng.Assert.assertEquals(Assert.java:655)
at org.testng.Assert.assertEquals(Assert.java:665)
at cucumber.framework.runner.nopc.scenefirst.TestDashboard.user_on_menu_dashboard(TestDashboard.java:35)
at ✽.User on menu Dashboard(file:///C:/Users/NEXSOFT/Documents/Project/WorkSpace_TA/TA-SQUAD-ACF/src/main/resources/nopc/scenefirst/02dashboard.feature:5)
]]>
            </full-stacktrace>
          </exception> <!-- java.lang.AssertionError -->
          <reporter-output>
          </reporter-output>
        </test-method> <!-- runScenario -->
        <test-method is-config="true" signature="tearDownClass()[pri:0, instance:cucumber.framework.runner.nopc.scenefirst.LoginRunner@4a83a74a]" started-at="2022-09-23T12:43:59 WIB" name="tearDownClass" finished-at="2022-09-23T12:44:02 WIB" duration-ms="2265" status="PASS">
          <reporter-output>
          </reporter-output>
        </test-method> <!-- tearDownClass -->
      </class> <!-- cucumber.framework.runner.nopc.scenefirst.LoginRunner -->
    </test> <!-- Default test -->
  </suite> <!-- Default suite -->
</testng-results>
