<?xml version="1.0" encoding="UTF-8"?>
<testng-results ignored="0" total="5" passed="0" failed="5" skipped="0">
  <reporter-output>
  </reporter-output>
  <suite started-at="2022-09-30T09:58:53 WIB" name="Default suite" finished-at="2022-09-30T09:59:11 WIB" duration-ms="17556">
    <groups>
      <group name="cucumber">
        <method signature="AbstractTestNGCucumberTests.runScenario(io.cucumber.testng.PickleWrapper,io.cucumber.testng.FeatureWrapper)[pri:0, instance:cucumber.framework.runner.siloam.loginadmin.AdminLoginOutlineRunner@68c9133c]" name="runScenario" class="io.cucumber.testng.AbstractTestNGCucumberTests"/>
      </group> <!-- cucumber -->
    </groups>
    <test started-at="2022-09-30T09:58:53 WIB" name="Default test" finished-at="2022-09-30T09:59:11 WIB" duration-ms="17556">
      <class name="cucumber.framework.runner.siloam.loginadmin.AdminLoginOutlineRunner">
        <test-method is-config="true" signature="setUpClass(org.testng.ITestContext)[pri:0, instance:cucumber.framework.runner.siloam.loginadmin.AdminLoginOutlineRunner@68c9133c]" started-at="2022-09-30T09:58:54 WIB" name="setUpClass" finished-at="2022-09-30T09:58:54 WIB" duration-ms="564" status="PASS">
          <params>
            <param index="0">
              <value>
                <![CDATA[org.testng.TestRunner@3751acd7]]>
              </value>
            </param>
          </params>
          <reporter-output>
          </reporter-output>
        </test-method> <!-- setUpClass -->
        <test-method signature="runScenario(io.cucumber.testng.PickleWrapper,io.cucumber.testng.FeatureWrapper)[pri:0, instance:cucumber.framework.runner.siloam.loginadmin.AdminLoginOutlineRunner@68c9133c]" started-at="2022-09-30T09:58:54 WIB" name="runScenario" description="Runs Cucumber Scenarios" data-provider="scenarios" finished-at="2022-09-30T09:59:03 WIB" duration-ms="8425" status="FAIL">
          <params>
            <param index="0">
              <value>
                <![CDATA["Siloam015 Admin Invalid Login Username"]]>
              </value>
            </param>
            <param index="1">
              <value>
                <![CDATA["Valid Sales Login"]]>
              </value>
            </param>
          </params>
          <exception class="java.lang.NullPointerException">
            <message>
              <![CDATA[Cannot invoke "String.contains(java.lang.CharSequence)" because the return value of "cucumber.framework.page.siloam.LoginPage.msgErrorEmpty()" is null]]>
            </message>
            <full-stacktrace>
              <![CDATA[java.lang.NullPointerException: Cannot invoke "String.contains(java.lang.CharSequence)" because the return value of "cucumber.framework.page.siloam.LoginPage.msgErrorEmpty()" is null
at cucumber.framework.runner.siloam.loginadmin.TestAdminLoginInvalidEmpty.siloam015_validasi_pesan_pada_halaman_login(TestAdminLoginInvalidEmpty.java:49)
at ✽.Siloam015 Validasi pesan pada halaman login(file:///C:/Users/NEXSOFT/Documents/Project/TA_SQA/JuaraCoding/Alamanda/TA-SQUAD-ACF/TA-SQUAD-ACF/src/test/resources/features/siloam/015InvalidAdminLoginEmpty.feature:13)
]]>
            </full-stacktrace>
          </exception> <!-- java.lang.NullPointerException -->
          <reporter-output>
          </reporter-output>
        </test-method> <!-- runScenario -->
        <test-method signature="runScenario(io.cucumber.testng.PickleWrapper,io.cucumber.testng.FeatureWrapper)[pri:0, instance:cucumber.framework.runner.siloam.loginadmin.AdminLoginOutlineRunner@68c9133c]" started-at="2022-09-30T09:59:03 WIB" name="runScenario" description="Runs Cucumber Scenarios" data-provider="scenarios" finished-at="2022-09-30T09:59:05 WIB" duration-ms="2034" status="FAIL">
          <params>
            <param index="0">
              <value>
                <![CDATA["Siloam015 Admin Invalid Login Username"]]>
              </value>
            </param>
            <param index="1">
              <value>
                <![CDATA["Valid Sales Login"]]>
              </value>
            </param>
          </params>
          <exception class="java.lang.NullPointerException">
            <message>
              <![CDATA[Cannot invoke "String.contains(java.lang.CharSequence)" because the return value of "cucumber.framework.page.siloam.LoginPage.msgErrorEmpty()" is null]]>
            </message>
            <full-stacktrace>
              <![CDATA[java.lang.NullPointerException: Cannot invoke "String.contains(java.lang.CharSequence)" because the return value of "cucumber.framework.page.siloam.LoginPage.msgErrorEmpty()" is null
at cucumber.framework.runner.siloam.loginadmin.TestAdminLoginInvalidEmpty.siloam015_validasi_pesan_pada_halaman_login(TestAdminLoginInvalidEmpty.java:49)
at ✽.Siloam015 Validasi pesan pada halaman login(file:///C:/Users/NEXSOFT/Documents/Project/TA_SQA/JuaraCoding/Alamanda/TA-SQUAD-ACF/TA-SQUAD-ACF/src/test/resources/features/siloam/015InvalidAdminLoginEmpty.feature:13)
]]>
            </full-stacktrace>
          </exception> <!-- java.lang.NullPointerException -->
          <reporter-output>
          </reporter-output>
        </test-method> <!-- runScenario -->
        <test-method signature="runScenario(io.cucumber.testng.PickleWrapper,io.cucumber.testng.FeatureWrapper)[pri:0, instance:cucumber.framework.runner.siloam.loginadmin.AdminLoginOutlineRunner@68c9133c]" started-at="2022-09-30T09:59:05 WIB" name="runScenario" description="Runs Cucumber Scenarios" data-provider="scenarios" finished-at="2022-09-30T09:59:07 WIB" duration-ms="2093" status="FAIL">
          <params>
            <param index="0">
              <value>
                <![CDATA["Siloam015 Admin Invalid Login Username"]]>
              </value>
            </param>
            <param index="1">
              <value>
                <![CDATA["Valid Sales Login"]]>
              </value>
            </param>
          </params>
          <exception class="java.lang.NullPointerException">
            <message>
              <![CDATA[Cannot invoke "String.contains(java.lang.CharSequence)" because the return value of "cucumber.framework.page.siloam.LoginPage.msgErrorEmpty()" is null]]>
            </message>
            <full-stacktrace>
              <![CDATA[java.lang.NullPointerException: Cannot invoke "String.contains(java.lang.CharSequence)" because the return value of "cucumber.framework.page.siloam.LoginPage.msgErrorEmpty()" is null
at cucumber.framework.runner.siloam.loginadmin.TestAdminLoginInvalidEmpty.siloam015_validasi_pesan_pada_halaman_login(TestAdminLoginInvalidEmpty.java:49)
at ✽.Siloam015 Validasi pesan pada halaman login(file:///C:/Users/NEXSOFT/Documents/Project/TA_SQA/JuaraCoding/Alamanda/TA-SQUAD-ACF/TA-SQUAD-ACF/src/test/resources/features/siloam/015InvalidAdminLoginEmpty.feature:13)
]]>
            </full-stacktrace>
          </exception> <!-- java.lang.NullPointerException -->
          <reporter-output>
          </reporter-output>
        </test-method> <!-- runScenario -->
        <test-method signature="runScenario(io.cucumber.testng.PickleWrapper,io.cucumber.testng.FeatureWrapper)[pri:0, instance:cucumber.framework.runner.siloam.loginadmin.AdminLoginOutlineRunner@68c9133c]" started-at="2022-09-30T09:59:07 WIB" name="runScenario" description="Runs Cucumber Scenarios" data-provider="scenarios" finished-at="2022-09-30T09:59:09 WIB" duration-ms="2063" status="FAIL">
          <params>
            <param index="0">
              <value>
                <![CDATA["Siloam015 Admin Invalid Login Username"]]>
              </value>
            </param>
            <param index="1">
              <value>
                <![CDATA["Valid Sales Login"]]>
              </value>
            </param>
          </params>
          <exception class="java.lang.NullPointerException">
            <message>
              <![CDATA[Cannot invoke "String.contains(java.lang.CharSequence)" because the return value of "cucumber.framework.page.siloam.LoginPage.msgErrorEmpty()" is null]]>
            </message>
            <full-stacktrace>
              <![CDATA[java.lang.NullPointerException: Cannot invoke "String.contains(java.lang.CharSequence)" because the return value of "cucumber.framework.page.siloam.LoginPage.msgErrorEmpty()" is null
at cucumber.framework.runner.siloam.loginadmin.TestAdminLoginInvalidEmpty.siloam015_validasi_pesan_pada_halaman_login(TestAdminLoginInvalidEmpty.java:49)
at ✽.Siloam015 Validasi pesan pada halaman login(file:///C:/Users/NEXSOFT/Documents/Project/TA_SQA/JuaraCoding/Alamanda/TA-SQUAD-ACF/TA-SQUAD-ACF/src/test/resources/features/siloam/015InvalidAdminLoginEmpty.feature:13)
]]>
            </full-stacktrace>
          </exception> <!-- java.lang.NullPointerException -->
          <reporter-output>
          </reporter-output>
        </test-method> <!-- runScenario -->
        <test-method signature="runScenario(io.cucumber.testng.PickleWrapper,io.cucumber.testng.FeatureWrapper)[pri:0, instance:cucumber.framework.runner.siloam.loginadmin.AdminLoginOutlineRunner@68c9133c]" started-at="2022-09-30T09:59:09 WIB" name="runScenario" description="Runs Cucumber Scenarios" data-provider="scenarios" finished-at="2022-09-30T09:59:11 WIB" duration-ms="2030" status="FAIL">
          <params>
            <param index="0">
              <value>
                <![CDATA["Siloam015 Admin Invalid Login Username"]]>
              </value>
            </param>
            <param index="1">
              <value>
                <![CDATA["Valid Sales Login"]]>
              </value>
            </param>
          </params>
          <exception class="java.lang.NullPointerException">
            <message>
              <![CDATA[Cannot invoke "String.contains(java.lang.CharSequence)" because the return value of "cucumber.framework.page.siloam.LoginPage.msgErrorEmpty()" is null]]>
            </message>
            <full-stacktrace>
              <![CDATA[java.lang.NullPointerException: Cannot invoke "String.contains(java.lang.CharSequence)" because the return value of "cucumber.framework.page.siloam.LoginPage.msgErrorEmpty()" is null
at cucumber.framework.runner.siloam.loginadmin.TestAdminLoginInvalidEmpty.siloam015_validasi_pesan_pada_halaman_login(TestAdminLoginInvalidEmpty.java:49)
at ✽.Siloam015 Validasi pesan pada halaman login(file:///C:/Users/NEXSOFT/Documents/Project/TA_SQA/JuaraCoding/Alamanda/TA-SQUAD-ACF/TA-SQUAD-ACF/src/test/resources/features/siloam/015InvalidAdminLoginEmpty.feature:13)
]]>
            </full-stacktrace>
          </exception> <!-- java.lang.NullPointerException -->
          <reporter-output>
          </reporter-output>
        </test-method> <!-- runScenario -->
        <test-method is-config="true" signature="tearDownClass()[pri:0, instance:cucumber.framework.runner.siloam.loginadmin.AdminLoginOutlineRunner@68c9133c]" started-at="2022-09-30T09:59:11 WIB" name="tearDownClass" finished-at="2022-09-30T09:59:11 WIB" duration-ms="295" status="PASS">
          <reporter-output>
          </reporter-output>
        </test-method> <!-- tearDownClass -->
      </class> <!-- cucumber.framework.runner.siloam.loginadmin.AdminLoginOutlineRunner -->
    </test> <!-- Default test -->
  </suite> <!-- Default suite -->
</testng-results>
